#
# A fatal error has been detected by the Java Runtime Environment:
#
#  EXCEPTION_ACCESS_VIOLATION (0xc0000005) at pc=0x00007ffe6db36ab0, pid=5448, tid=8708
#
# JRE version: Java(TM) SE Runtime Environment (8.0_73-b02) (build 1.8.0_73-b02)
# Java VM: Java HotSpot(TM) 64-Bit Server VM (25.73-b02 mixed mode windows-amd64 compressed oops)
# Problematic frame:
# C  [nvopencl.dll+0x266ab0]
#
# Failed to write core dump. Minidumps are not enabled by default on client versions of Windows
#
# If you would like to submit a bug report, please visit:
#   http://bugreport.java.com/bugreport/crash.jsp
# The crash happened outside the Java Virtual Machine in native code.
# See problematic frame for where to report the bug.
#

---------------  T H R E A D  ---------------

Current thread (0x000000001d766000):  JavaThread "Testrender" [_thread_in_native, id=8708, stack(0x000000002f3a0000,0x000000002f4a0000)]

siginfo: ExceptionCode=0xc0000005, reading address 0x0000000000000030

Registers:
RAX=0x0000000029c1b350, RBX=0x0000000000000000, RCX=0x0000000000000000, RDX=0x0000000022810280
RSP=0x000000002f49d918, RBP=0x000000002f49d9e9, RSI=0x00000000244b4320, RDI=0x000000002f49dc10
R8 =0x000000002f49e068, R9 =0x0000000023999730, R10=0x0000000000000001, R11=0x000000002f49da20
R12=0x000000002f49e350, R13=0x000000002f49e068, R14=0x0000000000000000, R15=0x0000000000000000
RIP=0x00007ffe6db36ab0, EFLAGS=0x0000000000010246

Top of Stack: (sp=0x000000002f49d918)
0x000000002f49d918:   00007ffe6da39dd5 000000002f49d980
0x000000002f49d928:   0000000070fbdf33 0000000000000001
0x000000002f49d938:   000000001d766000 00000000245f4f00
0x000000002f49d948:   00007ffe6da3ba5e 000000002f49d9c9
0x000000002f49d958:   000000002f49e350 00000000000a1de7
0x000000002f49d968:   0000000000000000 0000000000000000
0x000000002f49d978:   00007ffe6db295ba 0000000000000000
0x000000002f49d988:   0000000000000000 0000000000000000
0x000000002f49d998:   0000000000000002 000000002f49da00
0x000000002f49d9a8:   0000000000000000 0000000000000002
0x000000002f49d9b8:   000000002f49da00 0000000000000000
0x000000002f49d9c8:   0000000000000a00 000000002f49e068
0x000000002f49d9d8:   0000000000000000 000000002f49e350
0x000000002f49d9e8:   0000000022810280 0000000000000000
0x000000002f49d9f8:   0000000000000001 0000000000000000
0x000000002f49da08:   00007ffe6da4b569 000000002f49e068 

Instructions: (pc=0x00007ffe6db36ab0)
0x00007ffe6db36a90:   cc cc cc cc cc cc cc cc cc cc cc cc cc cc cc cc
0x00007ffe6db36aa0:   48 8b 41 28 c3 cc cc cc cc cc cc cc cc cc cc cc
0x00007ffe6db36ab0:   48 8b 41 30 c3 cc cc cc cc cc cc cc cc cc cc cc
0x00007ffe6db36ac0:   48 8b 42 18 0f 10 80 b0 00 00 00 0f 10 88 c0 00 


Register to memory mapping:

RAX=0x0000000029c1b350 is an unknown value
RBX=0x0000000000000000 is an unknown value
RCX=0x0000000000000000 is an unknown value
RDX=0x0000000022810280 is an unknown value
RSP=0x000000002f49d918 is pointing into the stack for thread: 0x000000001d766000
RBP=0x000000002f49d9e9 is pointing into the stack for thread: 0x000000001d766000
RSI=0x00000000244b4320 is an unknown value
RDI=0x000000002f49dc10 is pointing into the stack for thread: 0x000000001d766000
R8 =0x000000002f49e068 is pointing into the stack for thread: 0x000000001d766000
R9 =0x0000000023999730 is an unknown value
R10=0x0000000000000001 is an unknown value
R11=0x000000002f49da20 is pointing into the stack for thread: 0x000000001d766000
R12=0x000000002f49e350 is pointing into the stack for thread: 0x000000001d766000
R13=0x000000002f49e068 is pointing into the stack for thread: 0x000000001d766000
R14=0x0000000000000000 is an unknown value
R15=0x0000000000000000 is an unknown value


Stack: [0x000000002f3a0000,0x000000002f4a0000],  sp=0x000000002f49d918,  free space=1014k
Native frames: (J=compiled Java code, j=interpreted, Vv=VM code, C=native code)
C  [nvopencl.dll+0x266ab0]

Java frames: (J=compiled Java code, j=interpreted, Vv=VM code)
j  org.lwjgl.opencl.CL10.nclEnqueueReadImage(JJIJJJJJIJJJ)I+0
j  org.lwjgl.opencl.CL10.clEnqueueReadImage(Lorg/lwjgl/opencl/CLCommandQueue;Lorg/lwjgl/opencl/CLMem;ILorg/lwjgl/PointerBuffer;Lorg/lwjgl/PointerBuffer;JJLjava/nio/IntBuffer;Lorg/lwjgl/PointerBuffer;Lorg/lwjgl/PointerBuffer;)I+109
J 642% C1 com.se.test.Main.render(Ljava/lang/Thread;Ljava/awt/Graphics;)V (5135 bytes) @ 0x00000000030a3414 [0x0000000003089ca0+0x19774]
j  com.se.test.Main.lambda$1(Ljava/lang/Thread;Ljava/awt/Graphics;)V+2
j  com.se.test.Main$$Lambda$2.accept(Ljava/lang/Object;Ljava/lang/Object;)V+8
j  com.se.simse.SIMMain.lambda$1()V+54
j  com.se.simse.SIMMain$$Lambda$17.run()V+4
j  java.lang.Thread.run()V+11
v  ~StubRoutines::call_stub

---------------  P R O C E S S  ---------------

Java Threads: ( => current thread )
  0x0000000002b6d800 JavaThread "DestroyJavaVM" [_thread_blocked, id=13368, stack(0x0000000002bc0000,0x0000000002cc0000)]
=>0x000000001d766000 JavaThread "Testrender" [_thread_in_native, id=8708, stack(0x000000002f3a0000,0x000000002f4a0000)]
  0x000000001d2e8000 JavaThread "Testupdate" [_thread_in_Java, id=17328, stack(0x000000002f2a0000,0x000000002f3a0000)]
  0x000000001d197800 JavaThread "D3D Screen Updater" daemon [_thread_blocked, id=8148, stack(0x0000000026230000,0x0000000026330000)]
  0x000000001d188000 JavaThread "AWT-EventQueue-0" [_thread_blocked, id=2148, stack(0x0000000022e10000,0x0000000022f10000)]
  0x000000001d0f4000 JavaThread "AWT-Windows" daemon [_thread_in_native, id=8132, stack(0x000000001db70000,0x000000001dc70000)]
  0x000000001d0f1800 JavaThread "AWT-Shutdown" [_thread_blocked, id=11164, stack(0x000000001da70000,0x000000001db70000)]
  0x000000001d0f0800 JavaThread "Java2D Disposer" daemon [_thread_blocked, id=9540, stack(0x000000001d970000,0x000000001da70000)]
  0x000000001c50a000 JavaThread "Service Thread" daemon [_thread_blocked, id=10108, stack(0x000000001ce40000,0x000000001cf40000)]
  0x000000001c483800 JavaThread "C1 CompilerThread3" daemon [_thread_blocked, id=21260, stack(0x000000001cd40000,0x000000001ce40000)]
  0x000000001c477000 JavaThread "C2 CompilerThread2" daemon [_thread_blocked, id=16940, stack(0x000000001cc40000,0x000000001cd40000)]
  0x000000001c46f000 JavaThread "C2 CompilerThread1" daemon [_thread_in_native, id=19012, stack(0x000000001cb40000,0x000000001cc40000)]
  0x000000001c468800 JavaThread "C2 CompilerThread0" daemon [_thread_blocked, id=10124, stack(0x000000001ca40000,0x000000001cb40000)]
  0x000000001c466000 JavaThread "Attach Listener" daemon [_thread_blocked, id=11712, stack(0x000000001c940000,0x000000001ca40000)]
  0x000000001c465000 JavaThread "Signal Dispatcher" daemon [_thread_blocked, id=2648, stack(0x000000001c840000,0x000000001c940000)]
  0x0000000002dba000 JavaThread "Finalizer" daemon [_thread_blocked, id=20728, stack(0x000000001c250000,0x000000001c350000)]
  0x0000000002db3000 JavaThread "Reference Handler" daemon [_thread_blocked, id=15572, stack(0x000000001c150000,0x000000001c250000)]

Other Threads:
  0x000000001a379000 VMThread [stack: 0x000000001c050000,0x000000001c150000] [id=18480]
  0x000000001c524000 WatcherThread [stack: 0x000000001cf40000,0x000000001d040000] [id=20288]

VM state:not at safepoint (normal execution)

VM Mutex/Monitor currently owned by a thread: None

Heap:
 PSYoungGen      total 57344K, used 45883K [0x0000000780000000, 0x0000000784000000, 0x00000007c0000000)
  eden space 49152K, 77% used [0x0000000780000000,0x000000078253d188,0x0000000783000000)
  from space 8192K, 94% used [0x0000000783000000,0x0000000783791e30,0x0000000783800000)
  to   space 8192K, 0% used [0x0000000783800000,0x0000000783800000,0x0000000784000000)
 ParOldGen       total 131072K, used 6687K [0x0000000700000000, 0x0000000708000000, 0x0000000780000000)
  object space 131072K, 5% used [0x0000000700000000,0x0000000700687ed0,0x0000000708000000)
 Metaspace       used 10511K, capacity 10656K, committed 10880K, reserved 1058816K
  class space    used 1228K, capacity 1292K, committed 1408K, reserved 1048576K

Card table byte_map: [0x0000000012180000,0x0000000012790000] byte_map_base: 0x000000000e980000

Marking Bits: (ParMarkBitMap*) 0x0000000071730600
 Begin Bits: [0x0000000013390000, 0x0000000016390000)
 End Bits:   [0x0000000016390000, 0x0000000019390000)

Polling page: 0x0000000001450000

CodeCache: size=245760Kb used=3488Kb max_used=3488Kb free=242271Kb
 bounds [0x0000000002dc0000, 0x0000000003130000, 0x0000000011dc0000]
 total_blobs=1189 nmethods=671 adapters=432
 compilation: enabled

Compilation events (10 events):
Event: 1.800 Thread 0x000000001c483800  667       3       java.util.ArrayList$Itr::<init> (6 bytes)
Event: 1.800 Thread 0x000000001c483800 nmethod 667 0x0000000003126ed0 code [0x0000000003127040, 0x0000000003127290]
Event: 1.800 Thread 0x000000001c483800  668       3       java.util.ArrayList$Itr::<init> (26 bytes)
Event: 1.800 Thread 0x000000001c483800 nmethod 668 0x00000000031273d0 code [0x0000000003127540, 0x0000000003127730]
Event: 1.801 Thread 0x000000001c483800  669       3       java.awt.Container::findComponentAtImpl (161 bytes)
Event: 1.802 Thread 0x000000001c483800 nmethod 669 0x0000000003127810 code [0x0000000003127a20, 0x0000000003128748]
Event: 1.802 Thread 0x000000001c483800  670       3       java.util.concurrent.locks.ReentrantLock::unlock (10 bytes)
Event: 1.802 Thread 0x000000001c483800 nmethod 670 0x0000000003128b10 code [0x0000000003128ca0, 0x00000000031290b8]
Event: 1.808 Thread 0x000000001c483800  671       3       java.lang.Thread::isInterrupted (6 bytes)
Event: 1.808 Thread 0x000000001c483800 nmethod 671 0x0000000003129210 code [0x0000000003129380, 0x0000000003129508]

GC Heap History (2 events):
Event: 1.664 GC heap before
{Heap before GC invocations=1 (full 0):
 PSYoungGen      total 57344K, used 49152K [0x0000000780000000, 0x0000000784000000, 0x00000007c0000000)
  eden space 49152K, 100% used [0x0000000780000000,0x0000000783000000,0x0000000783000000)
  from space 8192K, 0% used [0x0000000783800000,0x0000000783800000,0x0000000784000000)
  to   space 8192K, 0% used [0x0000000783000000,0x0000000783000000,0x0000000783800000)
 ParOldGen       total 131072K, used 0K [0x0000000700000000, 0x0000000708000000, 0x0000000780000000)
  object space 131072K, 0% used [0x0000000700000000,0x0000000700000000,0x0000000708000000)
 Metaspace       used 10488K, capacity 10656K, committed 10880K, reserved 1058816K
  class space    used 1228K, capacity 1292K, committed 1408K, reserved 1048576K
Event: 1.673 GC heap after
Heap after GC invocations=1 (full 0):
 PSYoungGen      total 57344K, used 7751K [0x0000000780000000, 0x0000000784000000, 0x00000007c0000000)
  eden space 49152K, 0% used [0x0000000780000000,0x0000000780000000,0x0000000783000000)
  from space 8192K, 94% used [0x0000000783000000,0x0000000783791e30,0x0000000783800000)
  to   space 8192K, 0% used [0x0000000783800000,0x0000000783800000,0x0000000784000000)
 ParOldGen       total 131072K, used 6687K [0x0000000700000000, 0x0000000708000000, 0x0000000780000000)
  object space 131072K, 5% used [0x0000000700000000,0x0000000700687ed0,0x0000000708000000)
 Metaspace       used 10488K, capacity 10656K, committed 10880K, reserved 1058816K
  class space    used 1228K, capacity 1292K, committed 1408K, reserved 1048576K
}

Deoptimization events (7 events):
Event: 1.447 Thread 0x0000000002b6d800 Uncommon trap: reason=predicate action=maybe_recompile pc=0x00000000030006d0 method=java.util.AbstractCollection.toArray([Ljava/lang/Object;)[Ljava/lang/Object; @ 49
Event: 1.450 Thread 0x0000000002b6d800 Uncommon trap: reason=unstable_if action=reinterpret pc=0x0000000003001830 method=sun.misc.FloatingDecimal.readJavaFormatString(Ljava/lang/String;)Lsun/misc/FloatingDecimal$ASCIIToBinaryConverter; @ 445
Event: 1.461 Thread 0x0000000002b6d800 Uncommon trap: reason=array_check action=maybe_recompile pc=0x00000000030036d8 method=java.util.AbstractCollection.toArray([Ljava/lang/Object;)[Ljava/lang/Object; @ 119
Event: 1.461 Thread 0x0000000002b6d800 Uncommon trap: reason=array_check action=maybe_recompile pc=0x00000000030036d8 method=java.util.AbstractCollection.toArray([Ljava/lang/Object;)[Ljava/lang/Object; @ 119
Event: 1.461 Thread 0x0000000002b6d800 Uncommon trap: reason=array_check action=maybe_recompile pc=0x00000000030036d8 method=java.util.AbstractCollection.toArray([Ljava/lang/Object;)[Ljava/lang/Object; @ 119
Event: 1.461 Thread 0x0000000002b6d800 Uncommon trap: reason=array_check action=maybe_recompile pc=0x00000000030036d8 method=java.util.AbstractCollection.toArray([Ljava/lang/Object;)[Ljava/lang/Object; @ 119
Event: 1.492 Thread 0x000000001d188000 Uncommon trap: reason=class_check action=maybe_recompile pc=0x0000000002fff324 method=java.util.Arrays.copyOf([Ljava/lang/Object;ILjava/lang/Class;)[Ljava/lang/Object; @ 24

Internal exceptions (10 events):
Event: 0.224 Thread 0x0000000002b6d800 Exception <a 'java/io/FileNotFoundException'> (0x000000078041f1a0) thrown at [D:\re\puppet\workspace\8-2-build-windows-amd64-cygwin\jdk8u73\6086\hotspot\src\share\vm\prims\jni.cpp, line 709]
Event: 0.250 Thread 0x0000000002b6d800 Exception <a 'java/io/FileNotFoundException'> (0x0000000780440b90) thrown at [D:\re\puppet\workspace\8-2-build-windows-amd64-cygwin\jdk8u73\6086\hotspot\src\share\vm\prims\jni.cpp, line 709]
Event: 1.099 Thread 0x0000000002b6d800 Exception <a 'java/security/PrivilegedActionException'> (0x0000000780670e00) thrown at [D:\re\puppet\workspace\8-2-build-windows-amd64-cygwin\jdk8u73\6086\hotspot\src\share\vm\prims\jvm.cpp, line 1386]
Event: 1.099 Thread 0x0000000002b6d800 Exception <a 'java/security/PrivilegedActionException'> (0x00000007806729b0) thrown at [D:\re\puppet\workspace\8-2-build-windows-amd64-cygwin\jdk8u73\6086\hotspot\src\share\vm\prims\jvm.cpp, line 1386]
Event: 1.100 Thread 0x0000000002b6d800 Exception <a 'java/security/PrivilegedActionException'> (0x0000000780673ad0) thrown at [D:\re\puppet\workspace\8-2-build-windows-amd64-cygwin\jdk8u73\6086\hotspot\src\share\vm\prims\jvm.cpp, line 1386]
Event: 1.100 Thread 0x0000000002b6d800 Exception <a 'java/security/PrivilegedActionException'> (0x0000000780678db0) thrown at [D:\re\puppet\workspace\8-2-build-windows-amd64-cygwin\jdk8u73\6086\hotspot\src\share\vm\prims\jvm.cpp, line 1386]
Event: 1.100 Thread 0x0000000002b6d800 Exception <a 'java/security/PrivilegedActionException'> (0x0000000780679a08) thrown at [D:\re\puppet\workspace\8-2-build-windows-amd64-cygwin\jdk8u73\6086\hotspot\src\share\vm\prims\jvm.cpp, line 1386]
Event: 1.100 Thread 0x0000000002b6d800 Exception <a 'java/security/PrivilegedActionException'> (0x000000078067a630) thrown at [D:\re\puppet\workspace\8-2-build-windows-amd64-cygwin\jdk8u73\6086\hotspot\src\share\vm\prims\jvm.cpp, line 1386]
Event: 1.101 Thread 0x0000000002b6d800 Exception <a 'org/lwjgl/LWJGLException'> (0x000000078067ba18) thrown at [D:\re\puppet\workspace\8-2-build-windows-amd64-cygwin\jdk8u73\6086\hotspot\src\share\vm\prims\jni.cpp, line 709]
Event: 1.101 Thread 0x0000000002b6d800 Exception <a 'org/lwjgl/LWJGLException'> (0x000000078067c0a8) thrown at [D:\re\puppet\workspace\8-2-build-windows-amd64-cygwin\jdk8u73\6086\hotspot\src\share\vm\prims\jni.cpp, line 709]

Events (10 events):
Event: 1.625 loading class sun/font/FontScaler
Event: 1.625 loading class sun/font/FontScaler done
Event: 1.625 loading class sun/font/T2KFontScaler
Event: 1.625 loading class sun/font/T2KFontScaler done
Event: 1.625 loading class sun/font/T2KFontScaler$1
Event: 1.625 loading class sun/font/T2KFontScaler$1 done
Event: 1.629 loading class sun/misc/FDBigInteger
Event: 1.629 loading class sun/misc/FDBigInteger done
Event: 1.664 Executing VM operation: ParallelGCFailedAllocation
Event: 1.673 Executing VM operation: ParallelGCFailedAllocation done


Dynamic libraries:
0x00007ff6c19a0000 - 0x00007ff6c19d7000 	F:\Program Files\Java\jdk1.8.0_73\bin\javaw.exe
0x00007ffe9f890000 - 0x00007ffe9fa61000 	C:\WINDOWS\SYSTEM32\ntdll.dll
0x00007ffe9dd80000 - 0x00007ffe9de2b000 	C:\WINDOWS\System32\KERNEL32.DLL
0x00007ffe9c660000 - 0x00007ffe9c87d000 	C:\WINDOWS\System32\KERNELBASE.dll
0x00007ffe9de30000 - 0x00007ffe9ded2000 	C:\WINDOWS\System32\ADVAPI32.dll
0x00007ffe9ce20000 - 0x00007ffe9cebe000 	C:\WINDOWS\System32\msvcrt.dll
0x00007ffe9f830000 - 0x00007ffe9f889000 	C:\WINDOWS\System32\sechost.dll
0x00007ffe9d5d0000 - 0x00007ffe9d6f1000 	C:\WINDOWS\System32\RPCRT4.dll
0x00007ffe9d460000 - 0x00007ffe9d5c5000 	C:\WINDOWS\System32\USER32.dll
0x00007ffe9c9d0000 - 0x00007ffe9c9ee000 	C:\WINDOWS\System32\win32u.dll
0x00007ffe9d7a0000 - 0x00007ffe9d7d4000 	C:\WINDOWS\System32\GDI32.dll
0x00007ffe9cc90000 - 0x00007ffe9ce12000 	C:\WINDOWS\System32\gdi32full.dll
0x00007ffe8e3e0000 - 0x00007ffe8e659000 	C:\WINDOWS\WinSxS\amd64_microsoft.windows.common-controls_6595b64144ccf1df_6.0.14393.0_none_2d0f50fcbdb171b8\COMCTL32.dll
0x00007ffe9f460000 - 0x00007ffe9f727000 	C:\WINDOWS\System32\combase.dll
0x00007ffe9c8d0000 - 0x00007ffe9c9c5000 	C:\WINDOWS\System32\ucrtbase.dll
0x00007ffe9cc20000 - 0x00007ffe9cc8a000 	C:\WINDOWS\System32\bcryptPrimitives.dll
0x00007ffe9f730000 - 0x00007ffe9f75e000 	C:\WINDOWS\System32\IMM32.DLL
0x0000000072230000 - 0x0000000072302000 	F:\Program Files\Java\jdk1.8.0_73\jre\bin\msvcr100.dll
0x0000000070f20000 - 0x00000000717b0000 	F:\Program Files\Java\jdk1.8.0_73\jre\bin\server\jvm.dll
0x00007ffe9cee0000 - 0x00007ffe9cee8000 	C:\WINDOWS\System32\PSAPI.DLL
0x00007ffe99e20000 - 0x00007ffe99e43000 	C:\WINDOWS\SYSTEM32\WINMM.dll
0x00007ffe968f0000 - 0x00007ffe968fa000 	C:\WINDOWS\SYSTEM32\VERSION.dll
0x00007ffe98980000 - 0x00007ffe98989000 	C:\WINDOWS\SYSTEM32\WSOCK32.dll
0x00007ffe9dee0000 - 0x00007ffe9df4a000 	C:\WINDOWS\System32\WS2_32.dll
0x00007ffe99ce0000 - 0x00007ffe99d0b000 	C:\WINDOWS\SYSTEM32\WINMMBASE.dll
0x00007ffe9c880000 - 0x00007ffe9c8c2000 	C:\WINDOWS\System32\cfgmgr32.dll
0x00000000723d0000 - 0x00000000723df000 	F:\Program Files\Java\jdk1.8.0_73\jre\bin\verify.dll
0x00000000723a0000 - 0x00000000723c9000 	F:\Program Files\Java\jdk1.8.0_73\jre\bin\java.dll
0x0000000072380000 - 0x0000000072396000 	F:\Program Files\Java\jdk1.8.0_73\jre\bin\zip.dll
0x00007ffe9df50000 - 0x00007ffe9f458000 	C:\WINDOWS\System32\SHELL32.dll
0x00007ffe9be20000 - 0x00007ffe9c4fa000 	C:\WINDOWS\System32\windows.storage.dll
0x00007ffe9bdc0000 - 0x00007ffe9be0c000 	C:\WINDOWS\System32\powrprof.dll
0x00007ffe9f760000 - 0x00007ffe9f7b2000 	C:\WINDOWS\System32\shlwapi.dll
0x00007ffe9bdb0000 - 0x00007ffe9bdbf000 	C:\WINDOWS\System32\kernel.appcore.dll
0x00007ffe9c5b0000 - 0x00007ffe9c659000 	C:\WINDOWS\System32\shcore.dll
0x00007ffe9bd90000 - 0x00007ffe9bda4000 	C:\WINDOWS\System32\profapi.dll
0x0000000072090000 - 0x0000000072228000 	F:\Program Files\Java\jdk1.8.0_73\jre\bin\awt.dll
0x00007ffe9d3a0000 - 0x00007ffe9d45c000 	C:\WINDOWS\System32\OLEAUT32.dll
0x00007ffe9a0a0000 - 0x00007ffe9a11a000 	C:\WINDOWS\SYSTEM32\apphelp.dll
0x00007ffe98d30000 - 0x00007ffe98d56000 	C:\WINDOWS\system32\DWMAPI.DLL
0x00007ffe9a420000 - 0x00007ffe9a4b5000 	C:\WINDOWS\system32\uxtheme.dll
0x00007ffe9d100000 - 0x00007ffe9d25b000 	C:\WINDOWS\System32\MSCTF.dll
0x00007ffe9d260000 - 0x00007ffe9d397000 	C:\WINDOWS\System32\ole32.dll
0x00007ffe832f0000 - 0x00007ffe8347d000 	C:\WINDOWS\system32\d3d9.dll
0x00007ffe65b50000 - 0x00007ffe66c0d000 	C:\WINDOWS\System32\DriverStore\FileRepository\nvddui.inf_amd64_ca5bbb3cd45508c6\nvd3dumx.dll
0x00007ffe90850000 - 0x00007ffe90a1c000 	C:\WINDOWS\system32\nvspcap64.dll
0x00007ffe9d7e0000 - 0x00007ffe9dc09000 	C:\WINDOWS\System32\SETUPAPI.dll
0x00007ffe98ce0000 - 0x00007ffe98cf3000 	C:\WINDOWS\SYSTEM32\WTSAPI32.dll
0x00007ffe98000000 - 0x00007ffe980cc000 	C:\WINDOWS\SYSTEM32\WINHTTP.dll
0x00007ffe93100000 - 0x00007ffe934fc000 	C:\WINDOWS\system32\nvapi64.dll
0x00007ffe9ad20000 - 0x00007ffe9adbf000 	C:\WINDOWS\SYSTEM32\dxgi.dll
0x00007ffe944d0000 - 0x00007ffe945b6000 	C:\Program Files (x86)\NVIDIA Corporation\3D Vision\nvSCPAPI64.dll
0x0000000072040000 - 0x0000000072087000 	F:\Program Files\Java\jdk1.8.0_73\jre\bin\fontmanager.dll
0x0000000180000000 - 0x0000000180053000 	C:\Users\marce\git\SIMse3D\LWJGL\lwjgl-2.9.3\native\windows\lwjgl64.dll
0x00007ffe813a0000 - 0x00007ffe814c3000 	C:\WINDOWS\SYSTEM32\OPENGL32.dll
0x00007ffe8d4b0000 - 0x00007ffe8d4dd000 	C:\WINDOWS\SYSTEM32\GLU32.dll
0x00007ffe812a0000 - 0x00007ffe81397000 	C:\WINDOWS\SYSTEM32\DDRAW.dll
0x00007ffe99ec0000 - 0x00007ffe99ec8000 	C:\WINDOWS\SYSTEM32\DCIMAN32.dll
0x00007ffe8d230000 - 0x00007ffe8d267000 	C:\WINDOWS\SYSTEM32\OpenCL.dll
0x00007ffe6d8d0000 - 0x00007ffe6e327000 	C:\WINDOWS\System32\nvopencl.dll
0x00007ffe8c140000 - 0x00007ffe8c1ec000 	C:\WINDOWS\SYSTEM32\nvfatbinaryLoader.dll
0x00007ffe9a9a0000 - 0x00007ffe9a9c8000 	C:\WINDOWS\SYSTEM32\DEVOBJ.dll
0x00007ffe9cbc0000 - 0x00007ffe9cc15000 	C:\WINDOWS\System32\WINTRUST.dll
0x00007ffe9be10000 - 0x00007ffe9be20000 	C:\WINDOWS\System32\MSASN1.dll
0x00007ffe9c9f0000 - 0x00007ffe9cbb8000 	C:\WINDOWS\System32\CRYPT32.dll
0x00007ffe60470000 - 0x00007ffe62aba000 	C:\WINDOWS\system32\nvcompiler.dll
0x00007ffe88dd0000 - 0x00007ffe88f62000 	C:\WINDOWS\SYSTEM32\dbghelp.dll
0x0000000072360000 - 0x000000007237a000 	F:\Program Files\Java\jdk1.8.0_73\jre\bin\net.dll
0x00007ffe9b6c0000 - 0x00007ffe9b71c000 	C:\WINDOWS\system32\mswsock.dll
0x0000000072340000 - 0x0000000072351000 	F:\Program Files\Java\jdk1.8.0_73\jre\bin\nio.dll
0x0000000071ff0000 - 0x0000000072032000 	F:\Program Files\Java\jdk1.8.0_73\jre\bin\t2k.dll

VM Arguments:
jvm_args: -Djava.library.path=C:\Users\marce\git\SIMse3D\LWJGL\lwjgl-2.9.3\native\windows -Dfile.encoding=Cp1252 
java_command: com.se.test.Main
java_class_path (initial): C:\Users\marce\git\SIMse3D\SIMse3D\bin;C:\Users\marce\git\SIMse3D\LWJGL\lwjgl-2.9.3\jar\AppleJavaExtensions.jar;C:\Users\marce\git\SIMse3D\LWJGL\lwjgl-2.9.3\jar\asm-debug-all.jar;C:\Users\marce\git\SIMse3D\LWJGL\lwjgl-2.9.3\jar\jinput.jar;C:\Users\marce\git\SIMse3D\LWJGL\lwjgl-2.9.3\jar\laf-plugin-7.2.1.jar;C:\Users\marce\git\SIMse3D\LWJGL\lwjgl-2.9.3\jar\laf-widget-7.2.1.jar;C:\Users\marce\git\SIMse3D\LWJGL\lwjgl-2.9.3\jar\log4j-api-2.0-beta9.jar;C:\Users\marce\git\SIMse3D\LWJGL\lwjgl-2.9.3\jar\lwjgl.jar;C:\Users\marce\git\SIMse3D\LWJGL\lwjgl-2.9.3\jar\lwjgl_test.jar;C:\Users\marce\git\SIMse3D\LWJGL\lwjgl-2.9.3\jar\lwjgl_util.jar;C:\Users\marce\git\SIMse3D\LWJGL\lwjgl-2.9.3\jar\lwjgl_util_applet.jar;C:\Users\marce\git\SIMse3D\LWJGL\lwjgl-2.9.3\jar\lwjgl-debug.jar;C:\Users\marce\git\SIMse3D\LWJGL\lwjgl-2.9.3\jar\lzma.jar;C:\Users\marce\git\SIMse3D\LWJGL\lwjgl-2.9.3\jar\substance-7.2.1.jar;C:\Users\marce\git\SIMse3D\LWJGL\lwjgl-2.9.3\jar\trident-7.2.1.jar
Launcher Type: SUN_STANDARD

Environment Variables:
PATH=F:/Program Files/Java/jdk1.8.0_73/bin/../jre/bin/server;F:/Program Files/Java/jdk1.8.0_73/bin/../jre/bin;F:/Program Files/Java/jdk1.8.0_73/bin/../jre/lib/amd64;C:\Program Files\NVIDIA GPU Computing Toolkit\CUDA\v8.0\bin;C:\Program Files\NVIDIA GPU Computing Toolkit\CUDA\v8.0\libnvvp;C:\ProgramData\Oracle\Java\javapath;C:\Program Files (x86)\ActiveState Komodo Edit 10\;C:\WINDOWS\system32;C:\WINDOWS;C:\WINDOWS\System32\Wbem;C:\WINDOWS\System32\WindowsPowerShell\v1.0\;C:\Program Files (x86)\NVIDIA Corporation\PhysX\Common;C:\Program Files (x86)\GtkSharp\2.12\bin;C:\Program Files (x86)\Windows Kits\8.1\Windows Performance Toolkit\;C:\Program Files (x86)\Windows Kits\10\Windows Performance Toolkit\;C:\Users\marce\.dnx\bin;C:\Program Files\Microsoft DNX\Dnvm\;C:\Program Files\nodejs\;C:\Program Files\Microsoft SQL Server\110\Tools\Binn\;C:\Program Files (x86)\Microsoft SDKs\TypeScript\1.0\;C:\Program Files\Microsoft SQL Server\120\Tools\Binn\;C:\Program Files\MiKTeX 2.9\miktex\bin\x64\;C:\Program Files\OpenVPN\bin;C:\Program Files\Git\cmd;C:\Users\marce\AppData\Local\Microsoft\WindowsApps;C:\Users\marce\AppData\Roaming\npm;F:\Users\Simader\Videos\BOT\ffmpeg\bin;C:\Users\marce\AppData\Local\Google\Cloud SDK\google-cloud-sdk\bin;C:\Program Files (x86)\Google\google_appengine\;C:\Python35;C:\Program Files\NVIDIA GPU Computing Toolkit\CUDA\v8.0\bin\cudnn64_5.dll;C:\Users\marce\eclipse\java-neon\eclipse;
USERNAME=marce
OS=Windows_NT
PROCESSOR_IDENTIFIER=AMD64 Family 21 Model 2 Stepping 0, AuthenticAMD



---------------  S Y S T E M  ---------------

OS: Windows 10.0 , 64 bit Build 14393 (10.0.14393.0)

CPU:total 8 (8 cores per cpu, 1 threads per core) family 21 model 2 stepping 0, cmov, cx8, fxsr, mmx, sse, sse2, sse3, ssse3, sse4.1, sse4.2, popcnt, avx, aes, clmul, mmxext, 3dnowpref, lzcnt, sse4a, tsc, tscinvbit, tscinv, bmi1

Memory: 4k page, physical 12575416k(6165468k free), swap 25682616k(15470124k free)

vm_info: Java HotSpot(TM) 64-Bit Server VM (25.73-b02) for windows-amd64 JRE (1.8.0_73-b02), built on Jan 29 2016 17:38:49 by "java_re" with MS VC++ 10.0 (VS2010)

time: Sun Oct 01 15:19:26 2017
elapsed time: 1 seconds (0d 0h 0m 1s)

