#
# A fatal error has been detected by the Java Runtime Environment:
#
#  EXCEPTION_ACCESS_VIOLATION (0xc0000005) at pc=0x00007ffe8d21352c, pid=11220, tid=9128
#
# JRE version: Java(TM) SE Runtime Environment (8.0_73-b02) (build 1.8.0_73-b02)
# Java VM: Java HotSpot(TM) 64-Bit Server VM (25.73-b02 mixed mode windows-amd64 compressed oops)
# Problematic frame:
# C  [OpenCL.dll+0x352c]
#
# Failed to write core dump. Minidumps are not enabled by default on client versions of Windows
#
# If you would like to submit a bug report, please visit:
#   http://bugreport.java.com/bugreport/crash.jsp
# The crash happened outside the Java Virtual Machine in native code.
# See problematic frame for where to report the bug.
#

---------------  T H R E A D  ---------------

Current thread (0x000000001d925800):  JavaThread "Testrender" [_thread_in_native, id=9128, stack(0x000000002f6b0000,0x000000002f7b0000)]

siginfo: ExceptionCode=0xc0000005, reading address 0x0000000000000128

Registers:
RAX=0x0000000000000000, RBX=0x000000001a4e47b0, RCX=0x000000002996b3a0, RDX=0x000000002f7aecf0
RSP=0x000000002f7aec58, RBP=0x000000002f7aece0, RSI=0x0000000000000000, RDI=0x00000000030e7730
R8 =0x000000002996b3a0, R9 =0x00007ffe8d21126c, R10=0x00000000030f57c8, R11=0x0000000071149530
R12=0x0000000000000000, R13=0x000000001a4e47b0, R14=0x000000002f7aed18, R15=0x000000001d925800
RIP=0x00007ffe8d21352c, EFLAGS=0x0000000000010206

Top of Stack: (sp=0x000000002f7aec58)
0x000000002f7aec58:   00000000030f57f4 0000000029f152b0
0x000000002f7aec68:   0000000000000000 000000002f7aec70
0x000000002f7aec78:   000000001a0f6f60 000000002f7aecc0
0x000000002f7aec88:   000000001a4a5868 00000000269a8b08
0x000000002f7aec98:   000000001a0f6fb0 000000002f7aeca0
0x000000002f7aeca8:   0000000000000000 000000002f7aed18
0x000000002f7aecb8:   0000000026901f10 0000000000000000
0x000000002f7aecc8:   000000001a4e47b0 0000000000000000
0x000000002f7aecd8:   000000002f7aed00 000000002f7aed60
0x000000002f7aece8:   00000000030e7730 000000078097ec78
0x000000002f7aecf8:   00000000030ef976 00007ffe8d21126c
0x000000002f7aed08:   000000002f7aed60 000000002996b3a0
0x000000002f7aed18:   000000078222dc20 000000002f7aed20
0x000000002f7aed28:   000000001a4e46e5 000000002f7aed88
0x000000002f7aed38:   0000000026901f10 00000000269aa5b0
0x000000002f7aed48:   000000001a4e4728 000000002f7aed00 

Instructions: (pc=0x00007ffe8d21352c)
0x00007ffe8d21350c:   48 ff a0 60 01 00 00 cc cc cc cc cc cc cc cc cc
0x00007ffe8d21351c:   cc cc cc cc 48 85 c9 75 04 8d 41 d0 c3 48 8b 01
0x00007ffe8d21352c:   48 ff a0 28 01 00 00 cc cc cc cc cc cc cc cc cc
0x00007ffe8d21353c:   cc cc cc cc 48 85 c9 75 04 8d 41 da c3 48 8b 01 


Register to memory mapping:

RAX=0x0000000000000000 is an unknown value
RBX={method} {0x000000001a4e47b8} 'nclReleaseKernel' '(JJ)I' in 'org/lwjgl/opencl/CL10'
RCX=0x000000002996b3a0 is an unknown value
RDX=0x000000002f7aecf0 is pointing into the stack for thread: 0x000000001d925800
RSP=0x000000002f7aec58 is pointing into the stack for thread: 0x000000001d925800
RBP=0x000000002f7aece0 is pointing into the stack for thread: 0x000000001d925800
RSI=0x0000000000000000 is an unknown value
RDI=0x00000000030e7730 is at code_begin+624 in an Interpreter codelet
invoke return entry points  [0x00000000030e74c0, 0x00000000030e7dc0]  2304 bytes
R8 =0x000000002996b3a0 is an unknown value
R9 =0x00007ffe8d21126c is an unknown value
R10=0x00000000030f57c8 is at code_begin+840 in an Interpreter codelet
method entry point (kind = native)  [0x00000000030f5480, 0x00000000030f5de0]  2400 bytes
R11=0x0000000071149530 is an unknown value
R12=0x0000000000000000 is an unknown value
R13={method} {0x000000001a4e47b8} 'nclReleaseKernel' '(JJ)I' in 'org/lwjgl/opencl/CL10'
R14=0x000000002f7aed18 is pointing into the stack for thread: 0x000000001d925800
R15=0x000000001d925800 is a thread


Stack: [0x000000002f6b0000,0x000000002f7b0000],  sp=0x000000002f7aec58,  free space=1019k
Native frames: (J=compiled Java code, j=interpreted, Vv=VM code, C=native code)
C  [OpenCL.dll+0x352c]

Java frames: (J=compiled Java code, j=interpreted, Vv=VM code)
j  org.lwjgl.opencl.CL10.nclReleaseKernel(JJ)I+0
j  org.lwjgl.opencl.CL10.clReleaseKernel(Lorg/lwjgl/opencl/CLKernel;)I+13
j  com.se.test.Main.render(Ljava/lang/Thread;Ljava/awt/Graphics;)V+4179
j  com.se.test.Main.lambda$1(Ljava/lang/Thread;Ljava/awt/Graphics;)V+2
j  com.se.test.Main$$Lambda$2.accept(Ljava/lang/Object;Ljava/lang/Object;)V+8
j  com.se.simse.SIMMain.lambda$1()V+54
j  com.se.simse.SIMMain$$Lambda$17.run()V+4
j  java.lang.Thread.run()V+11
v  ~StubRoutines::call_stub

---------------  P R O C E S S  ---------------

Java Threads: ( => current thread )
  0x000000000172d800 JavaThread "DestroyJavaVM" [_thread_blocked, id=340, stack(0x0000000002ee0000,0x0000000002fe0000)]
=>0x000000001d925800 JavaThread "Testrender" [_thread_in_native, id=9128, stack(0x000000002f6b0000,0x000000002f7b0000)]
  0x000000001db16000 JavaThread "Testupdate" [_thread_in_Java, id=21420, stack(0x000000002f5b0000,0x000000002f6b0000)]
  0x000000001d510800 JavaThread "D3D Screen Updater" daemon [_thread_blocked, id=9648, stack(0x0000000023340000,0x0000000023440000)]
  0x000000001d4fc800 JavaThread "AWT-EventQueue-0" [_thread_blocked, id=15480, stack(0x0000000023130000,0x0000000023230000)]
  0x000000001d46c000 JavaThread "AWT-Windows" daemon [_thread_in_native, id=18768, stack(0x000000001df40000,0x000000001e040000)]
  0x000000001d469800 JavaThread "AWT-Shutdown" [_thread_blocked, id=5340, stack(0x000000001de40000,0x000000001df40000)]
  0x000000001d468800 JavaThread "Java2D Disposer" daemon [_thread_blocked, id=14580, stack(0x000000001dd00000,0x000000001de00000)]
  0x000000001c889000 JavaThread "Service Thread" daemon [_thread_blocked, id=21236, stack(0x000000001d1d0000,0x000000001d2d0000)]
  0x000000001c809800 JavaThread "C1 CompilerThread3" daemon [_thread_in_native, id=3716, stack(0x000000001d0d0000,0x000000001d1d0000)]
  0x000000001c802800 JavaThread "C2 CompilerThread2" daemon [_thread_blocked, id=9668, stack(0x000000001cfd0000,0x000000001d0d0000)]
  0x000000001c7fb800 JavaThread "C2 CompilerThread1" daemon [_thread_blocked, id=20664, stack(0x000000001ced0000,0x000000001cfd0000)]
  0x000000001c7f8800 JavaThread "C2 CompilerThread0" daemon [_thread_blocked, id=8236, stack(0x000000001cdd0000,0x000000001ced0000)]
  0x000000001c7f6800 JavaThread "Attach Listener" daemon [_thread_blocked, id=18556, stack(0x000000001ccd0000,0x000000001cdd0000)]
  0x000000001c7f5800 JavaThread "Signal Dispatcher" daemon [_thread_blocked, id=6808, stack(0x000000001cbd0000,0x000000001ccd0000)]
  0x00000000030db800 JavaThread "Finalizer" daemon [_thread_blocked, id=17808, stack(0x000000001c5e0000,0x000000001c6e0000)]
  0x000000001a6dc800 JavaThread "Reference Handler" daemon [_thread_blocked, id=1560, stack(0x000000001c4e0000,0x000000001c5e0000)]

Other Threads:
  0x000000001a6d9000 VMThread [stack: 0x000000001c3e0000,0x000000001c4e0000] [id=2432]
  0x000000001c8ab000 WatcherThread [stack: 0x000000001d2d0000,0x000000001d3d0000] [id=11640]

VM state:not at safepoint (normal execution)

VM Mutex/Monitor currently owned by a thread: None

Heap:
 PSYoungGen      total 57344K, used 44357K [0x0000000780000000, 0x0000000784000000, 0x00000007c0000000)
  eden space 49152K, 90% used [0x0000000780000000,0x0000000782b514c0,0x0000000783000000)
  from space 8192K, 0% used [0x0000000783800000,0x0000000783800000,0x0000000784000000)
  to   space 8192K, 0% used [0x0000000783000000,0x0000000783000000,0x0000000783800000)
 ParOldGen       total 131072K, used 0K [0x0000000700000000, 0x0000000708000000, 0x0000000780000000)
  object space 131072K, 0% used [0x0000000700000000,0x0000000700000000,0x0000000708000000)
 Metaspace       used 10487K, capacity 10656K, committed 10880K, reserved 1058816K
  class space    used 1228K, capacity 1292K, committed 1408K, reserved 1048576K

Card table byte_map: [0x00000000124a0000,0x0000000012ab0000] byte_map_base: 0x000000000eca0000

Marking Bits: (ParMarkBitMap*) 0x0000000071730600
 Begin Bits: [0x00000000136b0000, 0x00000000166b0000)
 End Bits:   [0x00000000166b0000, 0x00000000196b0000)

Polling page: 0x00000000016f0000

CodeCache: size=245760Kb used=2823Kb max_used=2823Kb free=242936Kb
 bounds [0x00000000030e0000, 0x00000000033b0000, 0x00000000120e0000]
 total_blobs=1158 nmethods=640 adapters=432
 compilation: enabled

Compilation events (10 events):
Event: 1.556 Thread 0x000000001c809800 nmethod 636 0x00000000033a2090 code [0x00000000033a21e0, 0x00000000033a2330]
Event: 1.556 Thread 0x000000001c809800  637       1       sun.nio.ch.NativeThread::current (2 bytes)
Event: 1.556 Thread 0x000000001c809800 nmethod 637 0x00000000033a2390 code [0x00000000033a24e0, 0x00000000033a25d0]
Event: 1.558 Thread 0x000000001c809800  638       3       sun.misc.FDBigInteger::mult (64 bytes)
Event: 1.558 Thread 0x000000001c809800 nmethod 638 0x00000000033a2810 code [0x00000000033a2980, 0x00000000033a2c10]
Event: 1.558 Thread 0x000000001c809800  639       3       sun.misc.FDBigInteger::<init> (30 bytes)
Event: 1.558 Thread 0x000000001c809800 nmethod 639 0x00000000033a2ed0 code [0x00000000033a3040, 0x00000000033a3268]
Event: 1.558 Thread 0x000000001c809800  640       3       sun.misc.FDBigInteger::trimLeadingZeros (57 bytes)
Event: 1.559 Thread 0x000000001c809800 nmethod 640 0x00000000033a3350 code [0x00000000033a34c0, 0x00000000033a37f0]
Event: 1.565 Thread 0x000000001c809800  641 %     3       com.se.test.Main::render @ 986 (5115 bytes)

GC Heap History (0 events):
No events

Deoptimization events (8 events):
Event: 1.399 Thread 0x000000000172d800 Uncommon trap: reason=predicate action=maybe_recompile pc=0x000000000330fc90 method=java.util.AbstractCollection.toArray([Ljava/lang/Object;)[Ljava/lang/Object; @ 49
Event: 1.410 Thread 0x000000000172d800 Uncommon trap: reason=unstable_if action=reinterpret pc=0x0000000003320730 method=sun.misc.FloatingDecimal.readJavaFormatString(Ljava/lang/String;)Lsun/misc/FloatingDecimal$ASCIIToBinaryConverter; @ 445
Event: 1.412 Thread 0x000000000172d800 Uncommon trap: reason=array_check action=maybe_recompile pc=0x000000000331f354 method=java.util.AbstractCollection.toArray([Ljava/lang/Object;)[Ljava/lang/Object; @ 119
Event: 1.412 Thread 0x000000000172d800 Uncommon trap: reason=array_check action=maybe_recompile pc=0x000000000331f354 method=java.util.AbstractCollection.toArray([Ljava/lang/Object;)[Ljava/lang/Object; @ 119
Event: 1.412 Thread 0x000000000172d800 Uncommon trap: reason=array_check action=maybe_recompile pc=0x000000000331f354 method=java.util.AbstractCollection.toArray([Ljava/lang/Object;)[Ljava/lang/Object; @ 119
Event: 1.412 Thread 0x000000000172d800 Uncommon trap: reason=array_check action=maybe_recompile pc=0x000000000331f354 method=java.util.AbstractCollection.toArray([Ljava/lang/Object;)[Ljava/lang/Object; @ 119
Event: 1.436 Thread 0x000000001d4fc800 Uncommon trap: reason=class_check action=maybe_recompile pc=0x0000000003311be4 method=java.util.Arrays.copyOf([Ljava/lang/Object;ILjava/lang/Class;)[Ljava/lang/Object; @ 24
Event: 1.453 Thread 0x000000001db16000 Uncommon trap: reason=unstable_if action=reinterpret pc=0x0000000003336b84 method=com.se.simse.SIMMain.lambda$0()V @ 87

Internal exceptions (10 events):
Event: 0.201 Thread 0x000000000172d800 Exception <a 'java/io/FileNotFoundException'> (0x000000078041f1e8) thrown at [D:\re\puppet\workspace\8-2-build-windows-amd64-cygwin\jdk8u73\6086\hotspot\src\share\vm\prims\jni.cpp, line 709]
Event: 0.224 Thread 0x000000000172d800 Exception <a 'java/io/FileNotFoundException'> (0x0000000780440bd8) thrown at [D:\re\puppet\workspace\8-2-build-windows-amd64-cygwin\jdk8u73\6086\hotspot\src\share\vm\prims\jni.cpp, line 709]
Event: 1.052 Thread 0x000000000172d800 Exception <a 'java/security/PrivilegedActionException'> (0x0000000780670e68) thrown at [D:\re\puppet\workspace\8-2-build-windows-amd64-cygwin\jdk8u73\6086\hotspot\src\share\vm\prims\jvm.cpp, line 1386]
Event: 1.053 Thread 0x000000000172d800 Exception <a 'java/security/PrivilegedActionException'> (0x0000000780672a18) thrown at [D:\re\puppet\workspace\8-2-build-windows-amd64-cygwin\jdk8u73\6086\hotspot\src\share\vm\prims\jvm.cpp, line 1386]
Event: 1.053 Thread 0x000000000172d800 Exception <a 'java/security/PrivilegedActionException'> (0x0000000780673b38) thrown at [D:\re\puppet\workspace\8-2-build-windows-amd64-cygwin\jdk8u73\6086\hotspot\src\share\vm\prims\jvm.cpp, line 1386]
Event: 1.053 Thread 0x000000000172d800 Exception <a 'java/security/PrivilegedActionException'> (0x0000000780678e18) thrown at [D:\re\puppet\workspace\8-2-build-windows-amd64-cygwin\jdk8u73\6086\hotspot\src\share\vm\prims\jvm.cpp, line 1386]
Event: 1.053 Thread 0x000000000172d800 Exception <a 'java/security/PrivilegedActionException'> (0x0000000780679a70) thrown at [D:\re\puppet\workspace\8-2-build-windows-amd64-cygwin\jdk8u73\6086\hotspot\src\share\vm\prims\jvm.cpp, line 1386]
Event: 1.053 Thread 0x000000000172d800 Exception <a 'java/security/PrivilegedActionException'> (0x000000078067a698) thrown at [D:\re\puppet\workspace\8-2-build-windows-amd64-cygwin\jdk8u73\6086\hotspot\src\share\vm\prims\jvm.cpp, line 1386]
Event: 1.054 Thread 0x000000000172d800 Exception <a 'org/lwjgl/LWJGLException'> (0x000000078067ba80) thrown at [D:\re\puppet\workspace\8-2-build-windows-amd64-cygwin\jdk8u73\6086\hotspot\src\share\vm\prims\jni.cpp, line 709]
Event: 1.054 Thread 0x000000000172d800 Exception <a 'org/lwjgl/LWJGLException'> (0x000000078067c110) thrown at [D:\re\puppet\workspace\8-2-build-windows-amd64-cygwin\jdk8u73\6086\hotspot\src\share\vm\prims\jni.cpp, line 709]

Events (10 events):
Event: 1.553 loading class sun/font/FileFontStrike
Event: 1.553 loading class sun/font/FileFontStrike done
Event: 1.553 loading class sun/font/FontScaler
Event: 1.553 loading class sun/font/FontScaler done
Event: 1.554 loading class sun/font/T2KFontScaler
Event: 1.554 loading class sun/font/T2KFontScaler done
Event: 1.554 loading class sun/font/T2KFontScaler$1
Event: 1.554 loading class sun/font/T2KFontScaler$1 done
Event: 1.557 loading class sun/misc/FDBigInteger
Event: 1.557 loading class sun/misc/FDBigInteger done


Dynamic libraries:
0x00007ff6c19a0000 - 0x00007ff6c19d7000 	F:\Program Files\Java\jdk1.8.0_73\bin\javaw.exe
0x00007ffe9f890000 - 0x00007ffe9fa61000 	C:\WINDOWS\SYSTEM32\ntdll.dll
0x00007ffe9dd80000 - 0x00007ffe9de2b000 	C:\WINDOWS\System32\KERNEL32.DLL
0x00007ffe9c660000 - 0x00007ffe9c87d000 	C:\WINDOWS\System32\KERNELBASE.dll
0x00007ffe9de30000 - 0x00007ffe9ded2000 	C:\WINDOWS\System32\ADVAPI32.dll
0x00007ffe9ce20000 - 0x00007ffe9cebe000 	C:\WINDOWS\System32\msvcrt.dll
0x00007ffe9f830000 - 0x00007ffe9f889000 	C:\WINDOWS\System32\sechost.dll
0x00007ffe9d5d0000 - 0x00007ffe9d6f1000 	C:\WINDOWS\System32\RPCRT4.dll
0x00007ffe9d460000 - 0x00007ffe9d5c5000 	C:\WINDOWS\System32\USER32.dll
0x00007ffe9c9d0000 - 0x00007ffe9c9ee000 	C:\WINDOWS\System32\win32u.dll
0x00007ffe9d7a0000 - 0x00007ffe9d7d4000 	C:\WINDOWS\System32\GDI32.dll
0x00007ffe9cc90000 - 0x00007ffe9ce12000 	C:\WINDOWS\System32\gdi32full.dll
0x00007ffe8e3e0000 - 0x00007ffe8e659000 	C:\WINDOWS\WinSxS\amd64_microsoft.windows.common-controls_6595b64144ccf1df_6.0.14393.0_none_2d0f50fcbdb171b8\COMCTL32.dll
0x00007ffe9f460000 - 0x00007ffe9f727000 	C:\WINDOWS\System32\combase.dll
0x00007ffe9c8d0000 - 0x00007ffe9c9c5000 	C:\WINDOWS\System32\ucrtbase.dll
0x00007ffe9cc20000 - 0x00007ffe9cc8a000 	C:\WINDOWS\System32\bcryptPrimitives.dll
0x00007ffe9f730000 - 0x00007ffe9f75e000 	C:\WINDOWS\System32\IMM32.DLL
0x0000000072230000 - 0x0000000072302000 	F:\Program Files\Java\jdk1.8.0_73\jre\bin\msvcr100.dll
0x0000000070f20000 - 0x00000000717b0000 	F:\Program Files\Java\jdk1.8.0_73\jre\bin\server\jvm.dll
0x00007ffe9cee0000 - 0x00007ffe9cee8000 	C:\WINDOWS\System32\PSAPI.DLL
0x00007ffe98980000 - 0x00007ffe98989000 	C:\WINDOWS\SYSTEM32\WSOCK32.dll
0x00007ffe968f0000 - 0x00007ffe968fa000 	C:\WINDOWS\SYSTEM32\VERSION.dll
0x00007ffe99e20000 - 0x00007ffe99e43000 	C:\WINDOWS\SYSTEM32\WINMM.dll
0x00007ffe9dee0000 - 0x00007ffe9df4a000 	C:\WINDOWS\System32\WS2_32.dll
0x00007ffe99ce0000 - 0x00007ffe99d0b000 	C:\WINDOWS\SYSTEM32\WINMMBASE.dll
0x00007ffe9c880000 - 0x00007ffe9c8c2000 	C:\WINDOWS\System32\cfgmgr32.dll
0x00000000723d0000 - 0x00000000723df000 	F:\Program Files\Java\jdk1.8.0_73\jre\bin\verify.dll
0x00000000723a0000 - 0x00000000723c9000 	F:\Program Files\Java\jdk1.8.0_73\jre\bin\java.dll
0x0000000072380000 - 0x0000000072396000 	F:\Program Files\Java\jdk1.8.0_73\jre\bin\zip.dll
0x00007ffe9df50000 - 0x00007ffe9f458000 	C:\WINDOWS\System32\SHELL32.dll
0x00007ffe9be20000 - 0x00007ffe9c4fa000 	C:\WINDOWS\System32\windows.storage.dll
0x00007ffe9bdc0000 - 0x00007ffe9be0c000 	C:\WINDOWS\System32\powrprof.dll
0x00007ffe9f760000 - 0x00007ffe9f7b2000 	C:\WINDOWS\System32\shlwapi.dll
0x00007ffe9bdb0000 - 0x00007ffe9bdbf000 	C:\WINDOWS\System32\kernel.appcore.dll
0x00007ffe9c5b0000 - 0x00007ffe9c659000 	C:\WINDOWS\System32\shcore.dll
0x00007ffe9bd90000 - 0x00007ffe9bda4000 	C:\WINDOWS\System32\profapi.dll
0x0000000072090000 - 0x0000000072228000 	F:\Program Files\Java\jdk1.8.0_73\jre\bin\awt.dll
0x00007ffe9d3a0000 - 0x00007ffe9d45c000 	C:\WINDOWS\System32\OLEAUT32.dll
0x00007ffe9a0a0000 - 0x00007ffe9a11a000 	C:\WINDOWS\SYSTEM32\apphelp.dll
0x00007ffe98d30000 - 0x00007ffe98d56000 	C:\WINDOWS\system32\DWMAPI.DLL
0x00007ffe9a420000 - 0x00007ffe9a4b5000 	C:\WINDOWS\system32\uxtheme.dll
0x00007ffe9d100000 - 0x00007ffe9d25b000 	C:\WINDOWS\System32\MSCTF.dll
0x00007ffe9d260000 - 0x00007ffe9d397000 	C:\WINDOWS\System32\ole32.dll
0x00007ffe832f0000 - 0x00007ffe8347d000 	C:\WINDOWS\system32\d3d9.dll
0x00007ffe65b50000 - 0x00007ffe66c0d000 	C:\WINDOWS\System32\DriverStore\FileRepository\nvddui.inf_amd64_ca5bbb3cd45508c6\nvd3dumx.dll
0x00007ffe90850000 - 0x00007ffe90a1c000 	C:\WINDOWS\system32\nvspcap64.dll
0x00007ffe9d7e0000 - 0x00007ffe9dc09000 	C:\WINDOWS\System32\SETUPAPI.dll
0x00007ffe98000000 - 0x00007ffe980cc000 	C:\WINDOWS\SYSTEM32\WINHTTP.dll
0x00007ffe98ce0000 - 0x00007ffe98cf3000 	C:\WINDOWS\SYSTEM32\WTSAPI32.dll
0x00007ffe93100000 - 0x00007ffe934fc000 	C:\WINDOWS\system32\nvapi64.dll
0x00007ffe9ad20000 - 0x00007ffe9adbf000 	C:\WINDOWS\SYSTEM32\dxgi.dll
0x00007ffe944d0000 - 0x00007ffe945b6000 	C:\Program Files (x86)\NVIDIA Corporation\3D Vision\nvSCPAPI64.dll
0x0000000072040000 - 0x0000000072087000 	F:\Program Files\Java\jdk1.8.0_73\jre\bin\fontmanager.dll
0x0000000180000000 - 0x0000000180053000 	C:\Users\marce\git\SIMse3D\LWJGL\lwjgl-2.9.3\native\windows\lwjgl64.dll
0x00007ffe81650000 - 0x00007ffe81773000 	C:\WINDOWS\SYSTEM32\OPENGL32.dll
0x00007ffe8d4b0000 - 0x00007ffe8d4dd000 	C:\WINDOWS\SYSTEM32\GLU32.dll
0x00007ffe81550000 - 0x00007ffe81647000 	C:\WINDOWS\SYSTEM32\DDRAW.dll
0x00007ffe99ec0000 - 0x00007ffe99ec8000 	C:\WINDOWS\SYSTEM32\DCIMAN32.dll
0x00007ffe8d210000 - 0x00007ffe8d247000 	C:\WINDOWS\SYSTEM32\OpenCL.dll
0x00007ffe6d8d0000 - 0x00007ffe6e327000 	C:\WINDOWS\System32\nvopencl.dll
0x00007ffe8c140000 - 0x00007ffe8c1ec000 	C:\WINDOWS\SYSTEM32\nvfatbinaryLoader.dll
0x00007ffe9a9a0000 - 0x00007ffe9a9c8000 	C:\WINDOWS\SYSTEM32\DEVOBJ.dll
0x00007ffe9cbc0000 - 0x00007ffe9cc15000 	C:\WINDOWS\System32\WINTRUST.dll
0x00007ffe9be10000 - 0x00007ffe9be20000 	C:\WINDOWS\System32\MSASN1.dll
0x00007ffe9c9f0000 - 0x00007ffe9cbb8000 	C:\WINDOWS\System32\CRYPT32.dll
0x00007ffe60470000 - 0x00007ffe62aba000 	C:\WINDOWS\system32\nvcompiler.dll
0x00007ffe88dd0000 - 0x00007ffe88f62000 	C:\WINDOWS\SYSTEM32\dbghelp.dll
0x0000000072360000 - 0x000000007237a000 	F:\Program Files\Java\jdk1.8.0_73\jre\bin\net.dll
0x00007ffe9b6c0000 - 0x00007ffe9b71c000 	C:\WINDOWS\system32\mswsock.dll
0x0000000072340000 - 0x0000000072351000 	F:\Program Files\Java\jdk1.8.0_73\jre\bin\nio.dll
0x0000000071ff0000 - 0x0000000072032000 	F:\Program Files\Java\jdk1.8.0_73\jre\bin\t2k.dll

VM Arguments:
jvm_args: -Djava.library.path=C:\Users\marce\git\SIMse3D\LWJGL\lwjgl-2.9.3\native\windows -Dfile.encoding=Cp1252 
java_command: com.se.test.Main
java_class_path (initial): C:\Users\marce\git\SIMse3D\SIMse3D\bin;C:\Users\marce\git\SIMse3D\LWJGL\lwjgl-2.9.3\jar\AppleJavaExtensions.jar;C:\Users\marce\git\SIMse3D\LWJGL\lwjgl-2.9.3\jar\asm-debug-all.jar;C:\Users\marce\git\SIMse3D\LWJGL\lwjgl-2.9.3\jar\jinput.jar;C:\Users\marce\git\SIMse3D\LWJGL\lwjgl-2.9.3\jar\laf-plugin-7.2.1.jar;C:\Users\marce\git\SIMse3D\LWJGL\lwjgl-2.9.3\jar\laf-widget-7.2.1.jar;C:\Users\marce\git\SIMse3D\LWJGL\lwjgl-2.9.3\jar\log4j-api-2.0-beta9.jar;C:\Users\marce\git\SIMse3D\LWJGL\lwjgl-2.9.3\jar\lwjgl.jar;C:\Users\marce\git\SIMse3D\LWJGL\lwjgl-2.9.3\jar\lwjgl_test.jar;C:\Users\marce\git\SIMse3D\LWJGL\lwjgl-2.9.3\jar\lwjgl_util.jar;C:\Users\marce\git\SIMse3D\LWJGL\lwjgl-2.9.3\jar\lwjgl_util_applet.jar;C:\Users\marce\git\SIMse3D\LWJGL\lwjgl-2.9.3\jar\lwjgl-debug.jar;C:\Users\marce\git\SIMse3D\LWJGL\lwjgl-2.9.3\jar\lzma.jar;C:\Users\marce\git\SIMse3D\LWJGL\lwjgl-2.9.3\jar\substance-7.2.1.jar;C:\Users\marce\git\SIMse3D\LWJGL\lwjgl-2.9.3\jar\trident-7.2.1.jar
Launcher Type: SUN_STANDARD

Environment Variables:
PATH=F:/Program Files/Java/jdk1.8.0_73/bin/../jre/bin/server;F:/Program Files/Java/jdk1.8.0_73/bin/../jre/bin;F:/Program Files/Java/jdk1.8.0_73/bin/../jre/lib/amd64;C:\Program Files\NVIDIA GPU Computing Toolkit\CUDA\v8.0\bin;C:\Program Files\NVIDIA GPU Computing Toolkit\CUDA\v8.0\libnvvp;C:\ProgramData\Oracle\Java\javapath;C:\Program Files (x86)\ActiveState Komodo Edit 10\;C:\WINDOWS\system32;C:\WINDOWS;C:\WINDOWS\System32\Wbem;C:\WINDOWS\System32\WindowsPowerShell\v1.0\;C:\Program Files (x86)\NVIDIA Corporation\PhysX\Common;C:\Program Files (x86)\GtkSharp\2.12\bin;C:\Program Files (x86)\Windows Kits\8.1\Windows Performance Toolkit\;C:\Program Files (x86)\Windows Kits\10\Windows Performance Toolkit\;C:\Users\marce\.dnx\bin;C:\Program Files\Microsoft DNX\Dnvm\;C:\Program Files\nodejs\;C:\Program Files\Microsoft SQL Server\110\Tools\Binn\;C:\Program Files (x86)\Microsoft SDKs\TypeScript\1.0\;C:\Program Files\Microsoft SQL Server\120\Tools\Binn\;C:\Program Files\MiKTeX 2.9\miktex\bin\x64\;C:\Program Files\OpenVPN\bin;C:\Program Files\Git\cmd;C:\Users\marce\AppData\Local\Microsoft\WindowsApps;C:\Users\marce\AppData\Roaming\npm;F:\Users\Simader\Videos\BOT\ffmpeg\bin;C:\Users\marce\AppData\Local\Google\Cloud SDK\google-cloud-sdk\bin;C:\Program Files (x86)\Google\google_appengine\;C:\Python35;C:\Program Files\NVIDIA GPU Computing Toolkit\CUDA\v8.0\bin\cudnn64_5.dll;C:\Users\marce\eclipse\java-neon\eclipse;
USERNAME=marce
OS=Windows_NT
PROCESSOR_IDENTIFIER=AMD64 Family 21 Model 2 Stepping 0, AuthenticAMD



---------------  S Y S T E M  ---------------

OS: Windows 10.0 , 64 bit Build 14393 (10.0.14393.0)

CPU:total 8 (8 cores per cpu, 1 threads per core) family 21 model 2 stepping 0, cmov, cx8, fxsr, mmx, sse, sse2, sse3, ssse3, sse4.1, sse4.2, popcnt, avx, aes, clmul, mmxext, 3dnowpref, lzcnt, sse4a, tsc, tscinvbit, tscinv, bmi1

Memory: 4k page, physical 12575416k(6165416k free), swap 25682616k(15536248k free)

vm_info: Java HotSpot(TM) 64-Bit Server VM (25.73-b02) for windows-amd64 JRE (1.8.0_73-b02), built on Jan 29 2016 17:38:49 by "java_re" with MS VC++ 10.0 (VS2010)

time: Sun Oct 01 13:40:32 2017
elapsed time: 1 seconds (0d 0h 0m 1s)

