#
# A fatal error has been detected by the Java Runtime Environment:
#
#  EXCEPTION_INT_DIVIDE_BY_ZERO (0xc0000094) at pc=0x00007ffe6d8faba9, pid=5256, tid=14576
#
# JRE version: Java(TM) SE Runtime Environment (8.0_73-b02) (build 1.8.0_73-b02)
# Java VM: Java HotSpot(TM) 64-Bit Server VM (25.73-b02 mixed mode windows-amd64 compressed oops)
# Problematic frame:
# C  [nvopencl.dll+0x2aba9]
#
# Failed to write core dump. Minidumps are not enabled by default on client versions of Windows
#
# If you would like to submit a bug report, please visit:
#   http://bugreport.java.com/bugreport/crash.jsp
# The crash happened outside the Java Virtual Machine in native code.
# See problematic frame for where to report the bug.
#

---------------  T H R E A D  ---------------

Current thread (0x000000001d48f000):  JavaThread "Testrender" [_thread_in_native, id=14576, stack(0x000000002f030000,0x000000002f130000)]

siginfo: ExceptionCode=0xc0000094

Registers:
RAX=0x0000000000001388, RBX=0xffffffffede0f628, RCX=0x0000000000000000, RDX=0x0000000000000000
RSP=0x000000002f12ec40, RBP=0x000000002f12ed09, RSI=0x000000002415f790, RDI=0x0000000000000003
R8 =0x0000000000000010, R9 =0x0000000000000002, R10=0x000000002235a450, R11=0x00000000224fdee0
R12=0x0000000023defba0, R13=0x0000000024168ea0, R14=0xffffffffede0f728, R15=0x000000002990e8a0
RIP=0x00007ffe6d8faba9, EFLAGS=0x0000000000010206

Top of Stack: (sp=0x000000002f12ec40)
0x000000002f12ec40:   000000001cec31d0 000000001cf3e300
0x000000002f12ec50:   000000002f12edf0 000000001c1a3f80
0x000000002f12ec60:   0000000000000000 000000002f12edf0
0x000000002f12ec70:   0000000000000000 0000000000000000
0x000000002f12ec80:   000000002f12ed88 00000000710491ec
0x000000002f12ec90:   00000000238189f0 000000001d48f000
0x000000002f12eca0:   0000000000000000 0000000070fb923f
0x000000002f12ecb0:   0000000000000400 0000000000000000
0x000000002f12ecc0:   0000000000000280 0000000000000168
0x000000002f12ecd0:   0000000000001388 0000000000000020
0x000000002f12ece0:   0000000000000012 0000000000000000
0x000000002f12ecf0:   0000000000000000 0000000000000000
0x000000002f12ed00:   0000000000000000 000063991414abdf
0x000000002f12ed10:   00000000238189f0 000000002415f790
0x000000002f12ed20:   0000000000000000 0000000000000000
0x000000002f12ed30:   0000000000000000 0000000000000000 

Instructions: (pc=0x00007ffe6d8faba9)
0x00007ffe6d8fab89:   1f 84 00 00 00 00 00 33 d2 48 8d 45 cf 49 03 c0
0x00007ffe6d8fab99:   48 8b 0c 03 48 89 08 49 8b 04 06 4a 89 44 05 b7
0x00007ffe6d8faba9:   48 f7 f1 48 85 d2 75 51 41 ff c1 49 83 c0 08 44
0x00007ffe6d8fabb9:   3b cf 72 d3 41 8b 87 1c 02 00 00 85 c0 75 16 41 


Register to memory mapping:

RAX=0x0000000000001388 is an unknown value
RBX=0xffffffffede0f628 is an unknown value
RCX=0x0000000000000000 is an unknown value
RDX=0x0000000000000000 is an unknown value
RSP=0x000000002f12ec40 is pointing into the stack for thread: 0x000000001d48f000
RBP=0x000000002f12ed09 is pointing into the stack for thread: 0x000000001d48f000
RSI=0x000000002415f790 is an unknown value
RDI=0x0000000000000003 is an unknown value
R8 =0x0000000000000010 is an unknown value
R9 =0x0000000000000002 is an unknown value
R10=0x000000002235a450 is an unknown value
R11=0x00000000224fdee0 is an unknown value
R12=0x0000000023defba0 is an unknown value
R13=0x0000000024168ea0 is an unknown value
R14=0xffffffffede0f728 is an unknown value
R15=0x000000002990e8a0 is an unknown value


Stack: [0x000000002f030000,0x000000002f130000],  sp=0x000000002f12ec40,  free space=1019k
Native frames: (J=compiled Java code, j=interpreted, Vv=VM code, C=native code)
C  [nvopencl.dll+0x2aba9]
C  [nvopencl.dll+0x29e4a]
C  [lwjgl64.dll+0x8bb0]
C  0x0000000002b157f4

Java frames: (J=compiled Java code, j=interpreted, Vv=VM code)
j  org.lwjgl.opencl.CL10.nclEnqueueNDRangeKernel(JJIJJJIJJJ)I+0
j  org.lwjgl.opencl.CL10.clEnqueueNDRangeKernel(Lorg/lwjgl/opencl/CLCommandQueue;Lorg/lwjgl/opencl/CLKernel;ILorg/lwjgl/PointerBuffer;Lorg/lwjgl/PointerBuffer;Lorg/lwjgl/PointerBuffer;Lorg/lwjgl/PointerBuffer;Lorg/lwjgl/PointerBuffer;)I+111
j  com.se.test.Main.render(Ljava/lang/Thread;Ljava/awt/Graphics;)V+4030
j  com.se.test.Main.lambda$1(Ljava/lang/Thread;Ljava/awt/Graphics;)V+2
j  com.se.test.Main$$Lambda$2.accept(Ljava/lang/Object;Ljava/lang/Object;)V+8
j  com.se.simse.SIMMain.lambda$1()V+54
j  com.se.simse.SIMMain$$Lambda$17.run()V+4
j  java.lang.Thread.run()V+11
v  ~StubRoutines::call_stub

---------------  P R O C E S S  ---------------

Java Threads: ( => current thread )
  0x000000000103d800 JavaThread "DestroyJavaVM" [_thread_blocked, id=19708, stack(0x0000000002810000,0x0000000002910000)]
=>0x000000001d48f000 JavaThread "Testrender" [_thread_in_native, id=14576, stack(0x000000002f030000,0x000000002f130000)]
  0x000000001d2a2800 JavaThread "Testupdate" [_thread_in_Java, id=19952, stack(0x000000002ef30000,0x000000002f030000)]
  0x000000001cec6000 JavaThread "D3D Screen Updater" daemon [_thread_blocked, id=15860, stack(0x0000000022bc0000,0x0000000022cc0000)]
  0x000000001ceb1800 JavaThread "AWT-EventQueue-0" [_thread_blocked, id=7860, stack(0x00000000229b0000,0x0000000022ab0000)]
  0x000000001ce1d800 JavaThread "AWT-Windows" daemon [_thread_in_native, id=6524, stack(0x000000001d8a0000,0x000000001d9a0000)]
  0x000000001ce1b000 JavaThread "AWT-Shutdown" [_thread_blocked, id=13848, stack(0x000000001d7a0000,0x000000001d8a0000)]
  0x000000001ce1a800 JavaThread "Java2D Disposer" daemon [_thread_blocked, id=19300, stack(0x000000001d6a0000,0x000000001d7a0000)]
  0x000000001c239000 JavaThread "Service Thread" daemon [_thread_blocked, id=8532, stack(0x000000001cb70000,0x000000001cc70000)]
  0x000000001c1ab000 JavaThread "C1 CompilerThread3" daemon [_thread_blocked, id=5084, stack(0x000000001ca70000,0x000000001cb70000)]
  0x000000001c1a6000 JavaThread "C2 CompilerThread2" daemon [_thread_blocked, id=18112, stack(0x000000001c970000,0x000000001ca70000)]
  0x000000001c19b000 JavaThread "C2 CompilerThread1" daemon [_thread_blocked, id=18368, stack(0x000000001c870000,0x000000001c970000)]
  0x000000001c198000 JavaThread "C2 CompilerThread0" daemon [_thread_blocked, id=3252, stack(0x000000001c770000,0x000000001c870000)]
  0x000000001c195800 JavaThread "Attach Listener" daemon [_thread_blocked, id=1772, stack(0x000000001c670000,0x000000001c770000)]
  0x000000001c194800 JavaThread "Signal Dispatcher" daemon [_thread_blocked, id=16288, stack(0x000000001c570000,0x000000001c670000)]
  0x0000000002afa000 JavaThread "Finalizer" daemon [_thread_blocked, id=7232, stack(0x000000001bf80000,0x000000001c080000)]
  0x0000000002af3000 JavaThread "Reference Handler" daemon [_thread_blocked, id=1736, stack(0x000000001be80000,0x000000001bf80000)]

Other Threads:
  0x000000001a0b9000 VMThread [stack: 0x000000001bd80000,0x000000001be80000] [id=3648]
  0x000000001c24b800 WatcherThread [stack: 0x000000001cc70000,0x000000001cd70000] [id=852]

VM state:not at safepoint (normal execution)

VM Mutex/Monitor currently owned by a thread: None

Heap:
 PSYoungGen      total 57344K, used 39392K [0x0000000780000000, 0x0000000784000000, 0x00000007c0000000)
  eden space 49152K, 80% used [0x0000000780000000,0x0000000782678090,0x0000000783000000)
  from space 8192K, 0% used [0x0000000783800000,0x0000000783800000,0x0000000784000000)
  to   space 8192K, 0% used [0x0000000783000000,0x0000000783000000,0x0000000783800000)
 ParOldGen       total 131072K, used 0K [0x0000000700000000, 0x0000000708000000, 0x0000000780000000)
  object space 131072K, 0% used [0x0000000700000000,0x0000000700000000,0x0000000708000000)
 Metaspace       used 9859K, capacity 10016K, committed 10240K, reserved 1058816K
  class space    used 1157K, capacity 1228K, committed 1280K, reserved 1048576K

Card table byte_map: [0x0000000011ec0000,0x00000000124d0000] byte_map_base: 0x000000000e6c0000

Marking Bits: (ParMarkBitMap*) 0x0000000071730600
 Begin Bits: [0x00000000130d0000, 0x00000000160d0000)
 End Bits:   [0x00000000160d0000, 0x00000000190d0000)

Polling page: 0x0000000000ff0000

CodeCache: size=245760Kb used=2410Kb max_used=2420Kb free=243349Kb
 bounds [0x0000000002b00000, 0x0000000002d70000, 0x0000000011b00000]
 total_blobs=1097 nmethods=601 adapters=410
 compilation: enabled

Compilation events (10 events):
Event: 1.464 Thread 0x000000001c1ab000  597       1       com.se.simse.math.Triangle::getP1 (5 bytes)
Event: 1.464 Thread 0x000000001c1ab000 nmethod 597 0x0000000002d59d50 code [0x0000000002d59ea0, 0x0000000002d59fb0]
Event: 1.464 Thread 0x000000001c1ab000  598       1       com.se.simse.math.Triangle::getP2 (5 bytes)
Event: 1.464 Thread 0x000000001c1ab000 nmethod 598 0x0000000002d59a90 code [0x0000000002d59be0, 0x0000000002d59cf0]
Event: 1.464 Thread 0x000000001c1ab000  599       1       com.se.simse.math.Triangle::getP3 (5 bytes)
Event: 1.464 Thread 0x000000001c1ab000 nmethod 599 0x0000000002d597d0 code [0x0000000002d59920, 0x0000000002d59a30]
Event: 1.465 Thread 0x000000001c1a6000  600       4       java.nio.DirectFloatBufferU::put (17 bytes)
Event: 1.465 Thread 0x000000001c1a6000 nmethod 600 0x0000000002d58050 code [0x0000000002d58180, 0x0000000002d58238]
Event: 1.478 Thread 0x000000001c1ab000  601       1       com.se.simse.graphics3D.VertexData::getUV (5 bytes)
Event: 1.478 Thread 0x000000001c1ab000 nmethod 601 0x0000000002d57d90 code [0x0000000002d57ee0, 0x0000000002d57ff0]

GC Heap History (0 events):
No events

Deoptimization events (7 events):
Event: 1.382 Thread 0x000000000103d800 Uncommon trap: reason=predicate action=maybe_recompile pc=0x0000000002d2fa10 method=java.util.AbstractCollection.toArray([Ljava/lang/Object;)[Ljava/lang/Object; @ 49
Event: 1.385 Thread 0x000000000103d800 Uncommon trap: reason=unstable_if action=reinterpret pc=0x0000000002d3c2b0 method=sun.misc.FloatingDecimal.readJavaFormatString(Ljava/lang/String;)Lsun/misc/FloatingDecimal$ASCIIToBinaryConverter; @ 445
Event: 1.385 Thread 0x000000001cec6000 Uncommon trap: reason=unstable_if action=reinterpret pc=0x0000000002d38144 method=java.util.Arrays.copyOf([Ljava/lang/Object;ILjava/lang/Class;)[Ljava/lang/Object; @ 3
Event: 1.395 Thread 0x000000000103d800 Uncommon trap: reason=array_check action=maybe_recompile pc=0x0000000002d39618 method=java.util.AbstractCollection.toArray([Ljava/lang/Object;)[Ljava/lang/Object; @ 119
Event: 1.395 Thread 0x000000000103d800 Uncommon trap: reason=array_check action=maybe_recompile pc=0x0000000002d39618 method=java.util.AbstractCollection.toArray([Ljava/lang/Object;)[Ljava/lang/Object; @ 119
Event: 1.395 Thread 0x000000000103d800 Uncommon trap: reason=array_check action=maybe_recompile pc=0x0000000002d39618 method=java.util.AbstractCollection.toArray([Ljava/lang/Object;)[Ljava/lang/Object; @ 119
Event: 1.395 Thread 0x000000000103d800 Uncommon trap: reason=array_check action=maybe_recompile pc=0x0000000002d39618 method=java.util.AbstractCollection.toArray([Ljava/lang/Object;)[Ljava/lang/Object; @ 119

Internal exceptions (10 events):
Event: 0.197 Thread 0x000000000103d800 Exception <a 'java/io/FileNotFoundException'> (0x000000078041f1f0) thrown at [D:\re\puppet\workspace\8-2-build-windows-amd64-cygwin\jdk8u73\6086\hotspot\src\share\vm\prims\jni.cpp, line 709]
Event: 0.220 Thread 0x000000000103d800 Exception <a 'java/io/FileNotFoundException'> (0x0000000780440be0) thrown at [D:\re\puppet\workspace\8-2-build-windows-amd64-cygwin\jdk8u73\6086\hotspot\src\share\vm\prims\jni.cpp, line 709]
Event: 1.073 Thread 0x000000000103d800 Exception <a 'java/security/PrivilegedActionException'> (0x0000000780670f10) thrown at [D:\re\puppet\workspace\8-2-build-windows-amd64-cygwin\jdk8u73\6086\hotspot\src\share\vm\prims\jvm.cpp, line 1386]
Event: 1.073 Thread 0x000000000103d800 Exception <a 'java/security/PrivilegedActionException'> (0x0000000780672ac0) thrown at [D:\re\puppet\workspace\8-2-build-windows-amd64-cygwin\jdk8u73\6086\hotspot\src\share\vm\prims\jvm.cpp, line 1386]
Event: 1.073 Thread 0x000000000103d800 Exception <a 'java/security/PrivilegedActionException'> (0x0000000780673be0) thrown at [D:\re\puppet\workspace\8-2-build-windows-amd64-cygwin\jdk8u73\6086\hotspot\src\share\vm\prims\jvm.cpp, line 1386]
Event: 1.074 Thread 0x000000000103d800 Exception <a 'java/security/PrivilegedActionException'> (0x0000000780678ec0) thrown at [D:\re\puppet\workspace\8-2-build-windows-amd64-cygwin\jdk8u73\6086\hotspot\src\share\vm\prims\jvm.cpp, line 1386]
Event: 1.074 Thread 0x000000000103d800 Exception <a 'java/security/PrivilegedActionException'> (0x0000000780679b18) thrown at [D:\re\puppet\workspace\8-2-build-windows-amd64-cygwin\jdk8u73\6086\hotspot\src\share\vm\prims\jvm.cpp, line 1386]
Event: 1.074 Thread 0x000000000103d800 Exception <a 'java/security/PrivilegedActionException'> (0x000000078067a740) thrown at [D:\re\puppet\workspace\8-2-build-windows-amd64-cygwin\jdk8u73\6086\hotspot\src\share\vm\prims\jvm.cpp, line 1386]
Event: 1.074 Thread 0x000000000103d800 Exception <a 'org/lwjgl/LWJGLException'> (0x000000078067bb28) thrown at [D:\re\puppet\workspace\8-2-build-windows-amd64-cygwin\jdk8u73\6086\hotspot\src\share\vm\prims\jni.cpp, line 709]
Event: 1.074 Thread 0x000000000103d800 Exception <a 'org/lwjgl/LWJGLException'> (0x000000078067c1b8) thrown at [D:\re\puppet\workspace\8-2-build-windows-amd64-cygwin\jdk8u73\6086\hotspot\src\share\vm\prims\jni.cpp, line 709]

Events (10 events):
Event: 1.452 Thread 0x000000001d48f000 DEOPT PACKING pc=0x0000000002d49635 sp=0x000000002f12efd0
Event: 1.452 Thread 0x000000001d48f000 DEOPT UNPACKING pc=0x0000000002b4747f sp=0x000000002f12ed10 mode 0
Event: 1.452 Thread 0x000000001d48f000 DEOPT PACKING pc=0x0000000002d49635 sp=0x000000002f12efd0
Event: 1.452 Thread 0x000000001d48f000 DEOPT UNPACKING pc=0x0000000002b4747f sp=0x000000002f12ed10 mode 0
Event: 1.452 Thread 0x000000001d48f000 DEOPT PACKING pc=0x0000000002d49635 sp=0x000000002f12efd0
Event: 1.452 Thread 0x000000001d48f000 DEOPT UNPACKING pc=0x0000000002b4747f sp=0x000000002f12ed10 mode 0
Event: 1.455 loading class com/se/simse/math/Triangle
Event: 1.455 loading class com/se/simse/math/Triangle done
Event: 1.484 loading class org/lwjgl/opencl/CLKernel
Event: 1.484 loading class org/lwjgl/opencl/CLKernel done


Dynamic libraries:
0x00007ff6c19a0000 - 0x00007ff6c19d7000 	F:\Program Files\Java\jdk1.8.0_73\bin\javaw.exe
0x00007ffe9f890000 - 0x00007ffe9fa61000 	C:\WINDOWS\SYSTEM32\ntdll.dll
0x00007ffe9dd80000 - 0x00007ffe9de2b000 	C:\WINDOWS\System32\KERNEL32.DLL
0x00007ffe9c660000 - 0x00007ffe9c87d000 	C:\WINDOWS\System32\KERNELBASE.dll
0x00007ffe9de30000 - 0x00007ffe9ded2000 	C:\WINDOWS\System32\ADVAPI32.dll
0x00007ffe9ce20000 - 0x00007ffe9cebe000 	C:\WINDOWS\System32\msvcrt.dll
0x00007ffe9f830000 - 0x00007ffe9f889000 	C:\WINDOWS\System32\sechost.dll
0x00007ffe9d5d0000 - 0x00007ffe9d6f1000 	C:\WINDOWS\System32\RPCRT4.dll
0x00007ffe9d460000 - 0x00007ffe9d5c5000 	C:\WINDOWS\System32\USER32.dll
0x00007ffe9c9d0000 - 0x00007ffe9c9ee000 	C:\WINDOWS\System32\win32u.dll
0x00007ffe9d7a0000 - 0x00007ffe9d7d4000 	C:\WINDOWS\System32\GDI32.dll
0x00007ffe9cc90000 - 0x00007ffe9ce12000 	C:\WINDOWS\System32\gdi32full.dll
0x00007ffe8e3e0000 - 0x00007ffe8e659000 	C:\WINDOWS\WinSxS\amd64_microsoft.windows.common-controls_6595b64144ccf1df_6.0.14393.0_none_2d0f50fcbdb171b8\COMCTL32.dll
0x00007ffe9f460000 - 0x00007ffe9f727000 	C:\WINDOWS\System32\combase.dll
0x00007ffe9c8d0000 - 0x00007ffe9c9c5000 	C:\WINDOWS\System32\ucrtbase.dll
0x00007ffe9cc20000 - 0x00007ffe9cc8a000 	C:\WINDOWS\System32\bcryptPrimitives.dll
0x00007ffe9f730000 - 0x00007ffe9f75e000 	C:\WINDOWS\System32\IMM32.DLL
0x0000000072230000 - 0x0000000072302000 	F:\Program Files\Java\jdk1.8.0_73\jre\bin\msvcr100.dll
0x0000000070f20000 - 0x00000000717b0000 	F:\Program Files\Java\jdk1.8.0_73\jre\bin\server\jvm.dll
0x00007ffe9cee0000 - 0x00007ffe9cee8000 	C:\WINDOWS\System32\PSAPI.DLL
0x00007ffe99e20000 - 0x00007ffe99e43000 	C:\WINDOWS\SYSTEM32\WINMM.dll
0x00007ffe98980000 - 0x00007ffe98989000 	C:\WINDOWS\SYSTEM32\WSOCK32.dll
0x00007ffe968f0000 - 0x00007ffe968fa000 	C:\WINDOWS\SYSTEM32\VERSION.dll
0x00007ffe9dee0000 - 0x00007ffe9df4a000 	C:\WINDOWS\System32\WS2_32.dll
0x00007ffe99ce0000 - 0x00007ffe99d0b000 	C:\WINDOWS\SYSTEM32\WINMMBASE.dll
0x00007ffe9c880000 - 0x00007ffe9c8c2000 	C:\WINDOWS\System32\cfgmgr32.dll
0x00000000723d0000 - 0x00000000723df000 	F:\Program Files\Java\jdk1.8.0_73\jre\bin\verify.dll
0x00000000723a0000 - 0x00000000723c9000 	F:\Program Files\Java\jdk1.8.0_73\jre\bin\java.dll
0x0000000072380000 - 0x0000000072396000 	F:\Program Files\Java\jdk1.8.0_73\jre\bin\zip.dll
0x00007ffe9df50000 - 0x00007ffe9f458000 	C:\WINDOWS\System32\SHELL32.dll
0x00007ffe9be20000 - 0x00007ffe9c4fa000 	C:\WINDOWS\System32\windows.storage.dll
0x00007ffe9bdc0000 - 0x00007ffe9be0c000 	C:\WINDOWS\System32\powrprof.dll
0x00007ffe9f760000 - 0x00007ffe9f7b2000 	C:\WINDOWS\System32\shlwapi.dll
0x00007ffe9bdb0000 - 0x00007ffe9bdbf000 	C:\WINDOWS\System32\kernel.appcore.dll
0x00007ffe9c5b0000 - 0x00007ffe9c659000 	C:\WINDOWS\System32\shcore.dll
0x00007ffe9bd90000 - 0x00007ffe9bda4000 	C:\WINDOWS\System32\profapi.dll
0x0000000072090000 - 0x0000000072228000 	F:\Program Files\Java\jdk1.8.0_73\jre\bin\awt.dll
0x00007ffe9d3a0000 - 0x00007ffe9d45c000 	C:\WINDOWS\System32\OLEAUT32.dll
0x00007ffe9a0a0000 - 0x00007ffe9a11a000 	C:\WINDOWS\SYSTEM32\apphelp.dll
0x00007ffe98d30000 - 0x00007ffe98d56000 	C:\WINDOWS\system32\DWMAPI.DLL
0x00007ffe9a420000 - 0x00007ffe9a4b5000 	C:\WINDOWS\system32\uxtheme.dll
0x00007ffe9d100000 - 0x00007ffe9d25b000 	C:\WINDOWS\System32\MSCTF.dll
0x00007ffe9d260000 - 0x00007ffe9d397000 	C:\WINDOWS\System32\ole32.dll
0x00007ffe832f0000 - 0x00007ffe8347d000 	C:\WINDOWS\system32\d3d9.dll
0x00007ffe65b50000 - 0x00007ffe66c0d000 	C:\WINDOWS\System32\DriverStore\FileRepository\nvddui.inf_amd64_ca5bbb3cd45508c6\nvd3dumx.dll
0x00007ffe90850000 - 0x00007ffe90a1c000 	C:\WINDOWS\system32\nvspcap64.dll
0x00007ffe9d7e0000 - 0x00007ffe9dc09000 	C:\WINDOWS\System32\SETUPAPI.dll
0x00007ffe98000000 - 0x00007ffe980cc000 	C:\WINDOWS\SYSTEM32\WINHTTP.dll
0x00007ffe98ce0000 - 0x00007ffe98cf3000 	C:\WINDOWS\SYSTEM32\WTSAPI32.dll
0x00007ffe93100000 - 0x00007ffe934fc000 	C:\WINDOWS\system32\nvapi64.dll
0x00007ffe9ad20000 - 0x00007ffe9adbf000 	C:\WINDOWS\SYSTEM32\dxgi.dll
0x00007ffe944d0000 - 0x00007ffe945b6000 	C:\Program Files (x86)\NVIDIA Corporation\3D Vision\nvSCPAPI64.dll
0x0000000072040000 - 0x0000000072087000 	F:\Program Files\Java\jdk1.8.0_73\jre\bin\fontmanager.dll
0x0000000180000000 - 0x0000000180053000 	C:\Users\marce\git\SIMse3D\LWJGL\lwjgl-2.9.3\native\windows\lwjgl64.dll
0x00007ffe813a0000 - 0x00007ffe814c3000 	C:\WINDOWS\SYSTEM32\OPENGL32.dll
0x00007ffe812a0000 - 0x00007ffe81397000 	C:\WINDOWS\SYSTEM32\DDRAW.dll
0x00007ffe8d4b0000 - 0x00007ffe8d4dd000 	C:\WINDOWS\SYSTEM32\GLU32.dll
0x00007ffe99ec0000 - 0x00007ffe99ec8000 	C:\WINDOWS\SYSTEM32\DCIMAN32.dll
0x00007ffe8c5a0000 - 0x00007ffe8c5d7000 	C:\WINDOWS\SYSTEM32\OpenCL.dll
0x00007ffe6d8d0000 - 0x00007ffe6e327000 	C:\WINDOWS\System32\nvopencl.dll
0x00007ffe8c140000 - 0x00007ffe8c1ec000 	C:\WINDOWS\SYSTEM32\nvfatbinaryLoader.dll
0x00007ffe9a9a0000 - 0x00007ffe9a9c8000 	C:\WINDOWS\SYSTEM32\DEVOBJ.dll
0x00007ffe9cbc0000 - 0x00007ffe9cc15000 	C:\WINDOWS\System32\WINTRUST.dll
0x00007ffe9be10000 - 0x00007ffe9be20000 	C:\WINDOWS\System32\MSASN1.dll
0x00007ffe9c9f0000 - 0x00007ffe9cbb8000 	C:\WINDOWS\System32\CRYPT32.dll
0x00007ffe60470000 - 0x00007ffe62aba000 	C:\WINDOWS\system32\nvcompiler.dll
0x00007ffe88dd0000 - 0x00007ffe88f62000 	C:\WINDOWS\SYSTEM32\dbghelp.dll

VM Arguments:
jvm_args: -Djava.library.path=C:\Users\marce\git\SIMse3D\LWJGL\lwjgl-2.9.3\native\windows -Dfile.encoding=Cp1252 
java_command: com.se.test.Main
java_class_path (initial): C:\Users\marce\git\SIMse3D\SIMse3D\bin;C:\Users\marce\git\SIMse3D\LWJGL\lwjgl-2.9.3\jar\AppleJavaExtensions.jar;C:\Users\marce\git\SIMse3D\LWJGL\lwjgl-2.9.3\jar\asm-debug-all.jar;C:\Users\marce\git\SIMse3D\LWJGL\lwjgl-2.9.3\jar\jinput.jar;C:\Users\marce\git\SIMse3D\LWJGL\lwjgl-2.9.3\jar\laf-plugin-7.2.1.jar;C:\Users\marce\git\SIMse3D\LWJGL\lwjgl-2.9.3\jar\laf-widget-7.2.1.jar;C:\Users\marce\git\SIMse3D\LWJGL\lwjgl-2.9.3\jar\log4j-api-2.0-beta9.jar;C:\Users\marce\git\SIMse3D\LWJGL\lwjgl-2.9.3\jar\lwjgl.jar;C:\Users\marce\git\SIMse3D\LWJGL\lwjgl-2.9.3\jar\lwjgl_test.jar;C:\Users\marce\git\SIMse3D\LWJGL\lwjgl-2.9.3\jar\lwjgl_util.jar;C:\Users\marce\git\SIMse3D\LWJGL\lwjgl-2.9.3\jar\lwjgl_util_applet.jar;C:\Users\marce\git\SIMse3D\LWJGL\lwjgl-2.9.3\jar\lwjgl-debug.jar;C:\Users\marce\git\SIMse3D\LWJGL\lwjgl-2.9.3\jar\lzma.jar;C:\Users\marce\git\SIMse3D\LWJGL\lwjgl-2.9.3\jar\substance-7.2.1.jar;C:\Users\marce\git\SIMse3D\LWJGL\lwjgl-2.9.3\jar\trident-7.2.1.jar
Launcher Type: SUN_STANDARD

Environment Variables:
PATH=F:/Program Files/Java/jdk1.8.0_73/bin/../jre/bin/server;F:/Program Files/Java/jdk1.8.0_73/bin/../jre/bin;F:/Program Files/Java/jdk1.8.0_73/bin/../jre/lib/amd64;C:\Program Files\NVIDIA GPU Computing Toolkit\CUDA\v8.0\bin;C:\Program Files\NVIDIA GPU Computing Toolkit\CUDA\v8.0\libnvvp;C:\ProgramData\Oracle\Java\javapath;C:\Program Files (x86)\ActiveState Komodo Edit 10\;C:\WINDOWS\system32;C:\WINDOWS;C:\WINDOWS\System32\Wbem;C:\WINDOWS\System32\WindowsPowerShell\v1.0\;C:\Program Files (x86)\NVIDIA Corporation\PhysX\Common;C:\Program Files (x86)\GtkSharp\2.12\bin;C:\Program Files (x86)\Windows Kits\8.1\Windows Performance Toolkit\;C:\Program Files (x86)\Windows Kits\10\Windows Performance Toolkit\;C:\Users\marce\.dnx\bin;C:\Program Files\Microsoft DNX\Dnvm\;C:\Program Files\nodejs\;C:\Program Files\Microsoft SQL Server\110\Tools\Binn\;C:\Program Files (x86)\Microsoft SDKs\TypeScript\1.0\;C:\Program Files\Microsoft SQL Server\120\Tools\Binn\;C:\Program Files\MiKTeX 2.9\miktex\bin\x64\;C:\Program Files\OpenVPN\bin;C:\Program Files\Git\cmd;C:\Users\marce\AppData\Local\Microsoft\WindowsApps;C:\Users\marce\AppData\Roaming\npm;F:\Users\Simader\Videos\BOT\ffmpeg\bin;C:\Users\marce\AppData\Local\Google\Cloud SDK\google-cloud-sdk\bin;C:\Program Files (x86)\Google\google_appengine\;C:\Python35;C:\Program Files\NVIDIA GPU Computing Toolkit\CUDA\v8.0\bin\cudnn64_5.dll;C:\Users\marce\eclipse\java-neon\eclipse;
USERNAME=marce
OS=Windows_NT
PROCESSOR_IDENTIFIER=AMD64 Family 21 Model 2 Stepping 0, AuthenticAMD



---------------  S Y S T E M  ---------------

OS: Windows 10.0 , 64 bit Build 14393 (10.0.14393.0)

CPU:total 8 (8 cores per cpu, 1 threads per core) family 21 model 2 stepping 0, cmov, cx8, fxsr, mmx, sse, sse2, sse3, ssse3, sse4.1, sse4.2, popcnt, avx, aes, clmul, mmxext, 3dnowpref, lzcnt, sse4a, tsc, tscinvbit, tscinv, bmi1

Memory: 4k page, physical 12575416k(6153236k free), swap 25682616k(15466348k free)

vm_info: Java HotSpot(TM) 64-Bit Server VM (25.73-b02) for windows-amd64 JRE (1.8.0_73-b02), built on Jan 29 2016 17:38:49 by "java_re" with MS VC++ 10.0 (VS2010)

time: Sun Oct 01 15:24:39 2017
elapsed time: 1 seconds (0d 0h 0m 1s)

