#
# A fatal error has been detected by the Java Runtime Environment:
#
#  EXCEPTION_ACCESS_VIOLATION (0xc0000005) at pc=0x0000000000000000, pid=5312, tid=8240
#
# JRE version: Java(TM) SE Runtime Environment (8.0_73-b02) (build 1.8.0_73-b02)
# Java VM: Java HotSpot(TM) 64-Bit Server VM (25.73-b02 mixed mode windows-amd64 compressed oops)
# Problematic frame:
# C  0x0000000000000000
#
# Failed to write core dump. Minidumps are not enabled by default on client versions of Windows
#
# If you would like to submit a bug report, please visit:
#   http://bugreport.java.com/bugreport/crash.jsp
# The crash happened outside the Java Virtual Machine in native code.
# See problematic frame for where to report the bug.
#

---------------  T H R E A D  ---------------

Current thread (0x000000001cb24000):  JavaThread "Testrender" [_thread_in_native, id=8240, stack(0x000000002c780000,0x000000002c880000)]

siginfo: ExceptionCode=0xc0000005, ExceptionInformation=0x0000000000000008 0x0000000000000000

Registers:
RAX=0x000000030000000c, RBX=0x00000000199947b0, RCX=0x0000000023d45600, RDX=0x000000002c87f180
RSP=0x000000002c87f0e8, RBP=0x000000002c87f170, RSI=0x0000000000000000, RDI=0x00000000025d7730
R8 =0x0000000023d45600, R9 =0x00007ffe8d21126c, R10=0x00000000025e57c8, R11=0x0000000071149530
R12=0x0000000000000000, R13=0x00000000199947b0, R14=0x000000002c87f1a8, R15=0x000000001cb24000
RIP=0x0000000000000000, EFLAGS=0x0000000000010206

Top of Stack: (sp=0x000000002c87f0e8)
0x000000002c87f0e8:   00000000025e57f4 0000000024aee440
0x000000002c87f0f8:   0000000000000000 000000002c87f100
0x000000002c87f108:   00000000195a6f48 000000002c87f150
0x000000002c87f118:   0000000019955810 0000000025de9418
0x000000002c87f128:   00000000195a6f98 000000002c87f130
0x000000002c87f138:   0000000000000000 000000002c87f1a8
0x000000002c87f148:   0000000025d41f10 0000000000000000
0x000000002c87f158:   00000000199947b0 0000000000000000
0x000000002c87f168:   000000002c87f190 000000002c87f1f0
0x000000002c87f178:   00000000025d7730 000000078097ec60
0x000000002c87f188:   00000000025df976 00007ffe8d21126c
0x000000002c87f198:   000000002c87f1f0 0000000023d45600
0x000000002c87f1a8:   0000000781ef6760 000000002c87f1b0
0x000000002c87f1b8:   00000000199946e5 000000002c87f218
0x000000002c87f1c8:   0000000025d41f10 0000000025de95b0
0x000000002c87f1d8:   0000000019994728 000000002c87f190 

Instructions: (pc=0x0000000000000000)
0xffffffffffffffe0:   


Register to memory mapping:

RAX=0x000000030000000c is an unknown value
RBX={method} {0x00000000199947b8} 'nclReleaseKernel' '(JJ)I' in 'org/lwjgl/opencl/CL10'
RCX=0x0000000023d45600 is an unknown value
RDX=0x000000002c87f180 is pointing into the stack for thread: 0x000000001cb24000
RSP=0x000000002c87f0e8 is pointing into the stack for thread: 0x000000001cb24000
RBP=0x000000002c87f170 is pointing into the stack for thread: 0x000000001cb24000
RSI=0x0000000000000000 is an unknown value
RDI=0x00000000025d7730 is at code_begin+624 in an Interpreter codelet
invoke return entry points  [0x00000000025d74c0, 0x00000000025d7dc0]  2304 bytes
R8 =0x0000000023d45600 is an unknown value
R9 =0x00007ffe8d21126c is an unknown value
R10=0x00000000025e57c8 is at code_begin+840 in an Interpreter codelet
method entry point (kind = native)  [0x00000000025e5480, 0x00000000025e5de0]  2400 bytes
R11=0x0000000071149530 is an unknown value
R12=0x0000000000000000 is an unknown value
R13={method} {0x00000000199947b8} 'nclReleaseKernel' '(JJ)I' in 'org/lwjgl/opencl/CL10'
R14=0x000000002c87f1a8 is pointing into the stack for thread: 0x000000001cb24000
R15=0x000000001cb24000 is a thread


Stack: [0x000000002c780000,0x000000002c880000],  sp=0x000000002c87f0e8,  free space=1020k
Native frames: (J=compiled Java code, j=interpreted, Vv=VM code, C=native code)

Java frames: (J=compiled Java code, j=interpreted, Vv=VM code)
j  org.lwjgl.opencl.CL10.nclReleaseKernel(JJ)I+0
j  org.lwjgl.opencl.CL10.clReleaseKernel(Lorg/lwjgl/opencl/CLKernel;)I+13
j  com.se.test.Main.render(Ljava/lang/Thread;Ljava/awt/Graphics;)V+4010
j  com.se.test.Main.lambda$1(Ljava/lang/Thread;Ljava/awt/Graphics;)V+2
j  com.se.test.Main$$Lambda$2.accept(Ljava/lang/Object;Ljava/lang/Object;)V+8
j  com.se.simse.SIMMain.lambda$1()V+54
j  com.se.simse.SIMMain$$Lambda$17.run()V+4
j  java.lang.Thread.run()V+11
v  ~StubRoutines::call_stub

---------------  P R O C E S S  ---------------

Java Threads: ( => current thread )
  0x0000000000afd800 JavaThread "DestroyJavaVM" [_thread_blocked, id=8128, stack(0x00000000023d0000,0x00000000024d0000)]
=>0x000000001cb24000 JavaThread "Testrender" [_thread_in_native, id=8240, stack(0x000000002c780000,0x000000002c880000)]
  0x000000001c989800 JavaThread "D3D Screen Updater" daemon [_thread_blocked, id=19156, stack(0x00000000259a0000,0x0000000025aa0000)]
  0x000000001c973800 JavaThread "AWT-EventQueue-0" [_thread_blocked, id=18392, stack(0x0000000022550000,0x0000000022650000)]
  0x000000001c8e0000 JavaThread "AWT-Windows" daemon [_thread_in_native, id=20572, stack(0x000000001d400000,0x000000001d500000)]
  0x000000001c8dd800 JavaThread "AWT-Shutdown" [_thread_blocked, id=2712, stack(0x000000001d300000,0x000000001d400000)]
  0x000000001c8dc800 JavaThread "Java2D Disposer" daemon [_thread_blocked, id=20764, stack(0x000000001d180000,0x000000001d280000)]
  0x000000001bceb800 JavaThread "Service Thread" daemon [_thread_blocked, id=1160, stack(0x000000001c650000,0x000000001c750000)]
  0x000000001bc9d000 JavaThread "C1 CompilerThread3" daemon [_thread_blocked, id=9360, stack(0x000000001c550000,0x000000001c650000)]
  0x000000001bc88800 JavaThread "C2 CompilerThread2" daemon [_thread_blocked, id=15600, stack(0x000000001c450000,0x000000001c550000)]
  0x000000001bc7e800 JavaThread "C2 CompilerThread1" daemon [_thread_in_native, id=7164, stack(0x000000001c350000,0x000000001c450000)]
  0x000000001bc78000 JavaThread "C2 CompilerThread0" daemon [_thread_blocked, id=17076, stack(0x000000001c250000,0x000000001c350000)]
  0x000000001bc76800 JavaThread "Attach Listener" daemon [_thread_blocked, id=19756, stack(0x000000001c150000,0x000000001c250000)]
  0x000000001bc75800 JavaThread "Signal Dispatcher" daemon [_thread_blocked, id=21228, stack(0x000000001c050000,0x000000001c150000)]
  0x00000000025cb000 JavaThread "Finalizer" daemon [_thread_blocked, id=19372, stack(0x000000001ba60000,0x000000001bb60000)]
  0x0000000019b8d000 JavaThread "Reference Handler" daemon [_thread_blocked, id=7120, stack(0x000000001b960000,0x000000001ba60000)]

Other Threads:
  0x0000000019b88800 VMThread [stack: 0x000000001b860000,0x000000001b960000] [id=14220]
  0x000000001bcef800 WatcherThread [stack: 0x000000001c750000,0x000000001c850000] [id=14424]

VM state:not at safepoint (normal execution)

VM Mutex/Monitor currently owned by a thread: None

Heap:
 PSYoungGen      total 57344K, used 44346K [0x0000000780000000, 0x0000000784000000, 0x00000007c0000000)
  eden space 49152K, 90% used [0x0000000780000000,0x0000000782b4ebc8,0x0000000783000000)
  from space 8192K, 0% used [0x0000000783800000,0x0000000783800000,0x0000000784000000)
  to   space 8192K, 0% used [0x0000000783000000,0x0000000783000000,0x0000000783800000)
 ParOldGen       total 131072K, used 0K [0x0000000700000000, 0x0000000708000000, 0x0000000780000000)
  object space 131072K, 0% used [0x0000000700000000,0x0000000700000000,0x0000000708000000)
 Metaspace       used 10482K, capacity 10656K, committed 10880K, reserved 1058816K
  class space    used 1229K, capacity 1292K, committed 1408K, reserved 1048576K

Card table byte_map: [0x0000000011990000,0x0000000011fa0000] byte_map_base: 0x000000000e190000

Marking Bits: (ParMarkBitMap*) 0x0000000071730600
 Begin Bits: [0x0000000012ba0000, 0x0000000015ba0000)
 End Bits:   [0x0000000015ba0000, 0x0000000018ba0000)

Polling page: 0x0000000000ad0000

CodeCache: size=245760Kb used=2751Kb max_used=2751Kb free=243008Kb
 bounds [0x00000000025d0000, 0x0000000002890000, 0x00000000115d0000]
 total_blobs=1152 nmethods=634 adapters=432
 compilation: enabled

Compilation events (10 events):
Event: 1.577 Thread 0x000000001bc9d000 nmethod 630 0x000000000287fc90 code [0x000000000287fde0, 0x000000000287fed0]
Event: 1.578 Thread 0x000000001bc9d000  631       3       sun.misc.FDBigInteger::mult (64 bytes)
Event: 1.579 Thread 0x000000001bc9d000 nmethod 631 0x0000000002880110 code [0x0000000002880280, 0x0000000002880510]
Event: 1.579 Thread 0x000000001bc9d000  632       3       sun.misc.FDBigInteger::<init> (30 bytes)
Event: 1.579 Thread 0x000000001bc9d000 nmethod 632 0x00000000028807d0 code [0x0000000002880940, 0x0000000002880b68]
Event: 1.579 Thread 0x000000001bc9d000  633       3       sun.misc.FDBigInteger::trimLeadingZeros (57 bytes)
Event: 1.579 Thread 0x000000001bc9d000 nmethod 633 0x0000000002880c50 code [0x0000000002880dc0, 0x00000000028810f0]
Event: 1.582 Thread 0x000000001bc9d000  634       3       sun.java2d.pipe.RenderBuffer::putInt (26 bytes)
Event: 1.582 Thread 0x000000001bc9d000 nmethod 634 0x0000000002881210 code [0x0000000002881360, 0x00000000028814f0]
Event: 1.586 Thread 0x000000001bc7e800  635 %     4       com.se.test.Main::render @ 986 (4946 bytes)

GC Heap History (0 events):
No events

Deoptimization events (7 events):
Event: 1.425 Thread 0x0000000000afd800 Uncommon trap: reason=predicate action=maybe_recompile pc=0x00000000027fa6d0 method=java.util.AbstractCollection.toArray([Ljava/lang/Object;)[Ljava/lang/Object; @ 49
Event: 1.436 Thread 0x0000000000afd800 Uncommon trap: reason=unstable_if action=reinterpret pc=0x000000000280b530 method=sun.misc.FloatingDecimal.readJavaFormatString(Ljava/lang/String;)Lsun/misc/FloatingDecimal$ASCIIToBinaryConverter; @ 445
Event: 1.439 Thread 0x0000000000afd800 Uncommon trap: reason=array_check action=maybe_recompile pc=0x0000000002809994 method=java.util.AbstractCollection.toArray([Ljava/lang/Object;)[Ljava/lang/Object; @ 119
Event: 1.439 Thread 0x0000000000afd800 Uncommon trap: reason=array_check action=maybe_recompile pc=0x0000000002809994 method=java.util.AbstractCollection.toArray([Ljava/lang/Object;)[Ljava/lang/Object; @ 119
Event: 1.440 Thread 0x0000000000afd800 Uncommon trap: reason=array_check action=maybe_recompile pc=0x0000000002809994 method=java.util.AbstractCollection.toArray([Ljava/lang/Object;)[Ljava/lang/Object; @ 119
Event: 1.440 Thread 0x0000000000afd800 Uncommon trap: reason=array_check action=maybe_recompile pc=0x0000000002809994 method=java.util.AbstractCollection.toArray([Ljava/lang/Object;)[Ljava/lang/Object; @ 119
Event: 1.461 Thread 0x000000001c973800 Uncommon trap: reason=class_check action=maybe_recompile pc=0x000000000280c7e4 method=java.util.Arrays.copyOf([Ljava/lang/Object;ILjava/lang/Class;)[Ljava/lang/Object; @ 24

Internal exceptions (10 events):
Event: 0.214 Thread 0x0000000000afd800 Exception <a 'java/io/FileNotFoundException'> (0x000000078041f1d0) thrown at [D:\re\puppet\workspace\8-2-build-windows-amd64-cygwin\jdk8u73\6086\hotspot\src\share\vm\prims\jni.cpp, line 709]
Event: 0.237 Thread 0x0000000000afd800 Exception <a 'java/io/FileNotFoundException'> (0x0000000780440bc0) thrown at [D:\re\puppet\workspace\8-2-build-windows-amd64-cygwin\jdk8u73\6086\hotspot\src\share\vm\prims\jni.cpp, line 709]
Event: 1.079 Thread 0x0000000000afd800 Exception <a 'java/security/PrivilegedActionException'> (0x0000000780670e30) thrown at [D:\re\puppet\workspace\8-2-build-windows-amd64-cygwin\jdk8u73\6086\hotspot\src\share\vm\prims\jvm.cpp, line 1386]
Event: 1.080 Thread 0x0000000000afd800 Exception <a 'java/security/PrivilegedActionException'> (0x00000007806729e0) thrown at [D:\re\puppet\workspace\8-2-build-windows-amd64-cygwin\jdk8u73\6086\hotspot\src\share\vm\prims\jvm.cpp, line 1386]
Event: 1.080 Thread 0x0000000000afd800 Exception <a 'java/security/PrivilegedActionException'> (0x0000000780673b00) thrown at [D:\re\puppet\workspace\8-2-build-windows-amd64-cygwin\jdk8u73\6086\hotspot\src\share\vm\prims\jvm.cpp, line 1386]
Event: 1.080 Thread 0x0000000000afd800 Exception <a 'java/security/PrivilegedActionException'> (0x0000000780678de0) thrown at [D:\re\puppet\workspace\8-2-build-windows-amd64-cygwin\jdk8u73\6086\hotspot\src\share\vm\prims\jvm.cpp, line 1386]
Event: 1.080 Thread 0x0000000000afd800 Exception <a 'java/security/PrivilegedActionException'> (0x0000000780679a38) thrown at [D:\re\puppet\workspace\8-2-build-windows-amd64-cygwin\jdk8u73\6086\hotspot\src\share\vm\prims\jvm.cpp, line 1386]
Event: 1.080 Thread 0x0000000000afd800 Exception <a 'java/security/PrivilegedActionException'> (0x000000078067a660) thrown at [D:\re\puppet\workspace\8-2-build-windows-amd64-cygwin\jdk8u73\6086\hotspot\src\share\vm\prims\jvm.cpp, line 1386]
Event: 1.081 Thread 0x0000000000afd800 Exception <a 'org/lwjgl/LWJGLException'> (0x000000078067ba48) thrown at [D:\re\puppet\workspace\8-2-build-windows-amd64-cygwin\jdk8u73\6086\hotspot\src\share\vm\prims\jni.cpp, line 709]
Event: 1.081 Thread 0x0000000000afd800 Exception <a 'org/lwjgl/LWJGLException'> (0x000000078067c0d8) thrown at [D:\re\puppet\workspace\8-2-build-windows-amd64-cygwin\jdk8u73\6086\hotspot\src\share\vm\prims\jni.cpp, line 709]

Events (10 events):
Event: 1.574 loading class sun/font/FileFontStrike
Event: 1.574 loading class sun/font/FileFontStrike done
Event: 1.574 loading class sun/font/FontScaler
Event: 1.574 loading class sun/font/FontScaler done
Event: 1.574 loading class sun/font/T2KFontScaler
Event: 1.574 loading class sun/font/T2KFontScaler done
Event: 1.574 loading class sun/font/T2KFontScaler$1
Event: 1.574 loading class sun/font/T2KFontScaler$1 done
Event: 1.577 loading class sun/misc/FDBigInteger
Event: 1.578 loading class sun/misc/FDBigInteger done


Dynamic libraries:
0x00007ff6c19a0000 - 0x00007ff6c19d7000 	F:\Program Files\Java\jdk1.8.0_73\bin\javaw.exe
0x00007ffe9f890000 - 0x00007ffe9fa61000 	C:\WINDOWS\SYSTEM32\ntdll.dll
0x00007ffe9dd80000 - 0x00007ffe9de2b000 	C:\WINDOWS\System32\KERNEL32.DLL
0x00007ffe9c660000 - 0x00007ffe9c87d000 	C:\WINDOWS\System32\KERNELBASE.dll
0x00007ffe9de30000 - 0x00007ffe9ded2000 	C:\WINDOWS\System32\ADVAPI32.dll
0x00007ffe9ce20000 - 0x00007ffe9cebe000 	C:\WINDOWS\System32\msvcrt.dll
0x00007ffe9f830000 - 0x00007ffe9f889000 	C:\WINDOWS\System32\sechost.dll
0x00007ffe9d5d0000 - 0x00007ffe9d6f1000 	C:\WINDOWS\System32\RPCRT4.dll
0x00007ffe9d460000 - 0x00007ffe9d5c5000 	C:\WINDOWS\System32\USER32.dll
0x00007ffe9c9d0000 - 0x00007ffe9c9ee000 	C:\WINDOWS\System32\win32u.dll
0x00007ffe9d7a0000 - 0x00007ffe9d7d4000 	C:\WINDOWS\System32\GDI32.dll
0x00007ffe9cc90000 - 0x00007ffe9ce12000 	C:\WINDOWS\System32\gdi32full.dll
0x00007ffe8e3e0000 - 0x00007ffe8e659000 	C:\WINDOWS\WinSxS\amd64_microsoft.windows.common-controls_6595b64144ccf1df_6.0.14393.0_none_2d0f50fcbdb171b8\COMCTL32.dll
0x00007ffe9f460000 - 0x00007ffe9f727000 	C:\WINDOWS\System32\combase.dll
0x00007ffe9c8d0000 - 0x00007ffe9c9c5000 	C:\WINDOWS\System32\ucrtbase.dll
0x00007ffe9cc20000 - 0x00007ffe9cc8a000 	C:\WINDOWS\System32\bcryptPrimitives.dll
0x00007ffe9f730000 - 0x00007ffe9f75e000 	C:\WINDOWS\System32\IMM32.DLL
0x0000000072230000 - 0x0000000072302000 	F:\Program Files\Java\jdk1.8.0_73\jre\bin\msvcr100.dll
0x0000000070f20000 - 0x00000000717b0000 	F:\Program Files\Java\jdk1.8.0_73\jre\bin\server\jvm.dll
0x00007ffe9cee0000 - 0x00007ffe9cee8000 	C:\WINDOWS\System32\PSAPI.DLL
0x00007ffe968f0000 - 0x00007ffe968fa000 	C:\WINDOWS\SYSTEM32\VERSION.dll
0x00007ffe99e20000 - 0x00007ffe99e43000 	C:\WINDOWS\SYSTEM32\WINMM.dll
0x00007ffe98980000 - 0x00007ffe98989000 	C:\WINDOWS\SYSTEM32\WSOCK32.dll
0x00007ffe9dee0000 - 0x00007ffe9df4a000 	C:\WINDOWS\System32\WS2_32.dll
0x0000000002230000 - 0x000000000225b000 	C:\WINDOWS\SYSTEM32\WINMMBASE.dll
0x00007ffe9c880000 - 0x00007ffe9c8c2000 	C:\WINDOWS\System32\cfgmgr32.dll
0x00000000723d0000 - 0x00000000723df000 	F:\Program Files\Java\jdk1.8.0_73\jre\bin\verify.dll
0x00000000723a0000 - 0x00000000723c9000 	F:\Program Files\Java\jdk1.8.0_73\jre\bin\java.dll
0x0000000072380000 - 0x0000000072396000 	F:\Program Files\Java\jdk1.8.0_73\jre\bin\zip.dll
0x00007ffe9df50000 - 0x00007ffe9f458000 	C:\WINDOWS\System32\SHELL32.dll
0x00007ffe9be20000 - 0x00007ffe9c4fa000 	C:\WINDOWS\System32\windows.storage.dll
0x00007ffe9bdc0000 - 0x00007ffe9be0c000 	C:\WINDOWS\System32\powrprof.dll
0x00007ffe9f760000 - 0x00007ffe9f7b2000 	C:\WINDOWS\System32\shlwapi.dll
0x00007ffe9bdb0000 - 0x00007ffe9bdbf000 	C:\WINDOWS\System32\kernel.appcore.dll
0x00007ffe9c5b0000 - 0x00007ffe9c659000 	C:\WINDOWS\System32\shcore.dll
0x00007ffe9bd90000 - 0x00007ffe9bda4000 	C:\WINDOWS\System32\profapi.dll
0x0000000072090000 - 0x0000000072228000 	F:\Program Files\Java\jdk1.8.0_73\jre\bin\awt.dll
0x00007ffe9d3a0000 - 0x00007ffe9d45c000 	C:\WINDOWS\System32\OLEAUT32.dll
0x00007ffe9a0a0000 - 0x00007ffe9a11a000 	C:\WINDOWS\SYSTEM32\apphelp.dll
0x00007ffe98d30000 - 0x00007ffe98d56000 	C:\WINDOWS\system32\DWMAPI.DLL
0x00007ffe9a420000 - 0x00007ffe9a4b5000 	C:\WINDOWS\system32\uxtheme.dll
0x00007ffe9d100000 - 0x00007ffe9d25b000 	C:\WINDOWS\System32\MSCTF.dll
0x00007ffe9d260000 - 0x00007ffe9d397000 	C:\WINDOWS\System32\ole32.dll
0x00007ffe832f0000 - 0x00007ffe8347d000 	C:\WINDOWS\system32\d3d9.dll
0x00007ffe65b50000 - 0x00007ffe66c0d000 	C:\WINDOWS\System32\DriverStore\FileRepository\nvddui.inf_amd64_ca5bbb3cd45508c6\nvd3dumx.dll
0x00007ffe90850000 - 0x00007ffe90a1c000 	C:\WINDOWS\system32\nvspcap64.dll
0x00007ffe9d7e0000 - 0x00007ffe9dc09000 	C:\WINDOWS\System32\SETUPAPI.dll
0x00007ffe98000000 - 0x00007ffe980cc000 	C:\WINDOWS\SYSTEM32\WINHTTP.dll
0x00007ffe98ce0000 - 0x00007ffe98cf3000 	C:\WINDOWS\SYSTEM32\WTSAPI32.dll
0x00007ffe93100000 - 0x00007ffe934fc000 	C:\WINDOWS\system32\nvapi64.dll
0x00007ffe9ad20000 - 0x00007ffe9adbf000 	C:\WINDOWS\SYSTEM32\dxgi.dll
0x00007ffe944d0000 - 0x00007ffe945b6000 	C:\Program Files (x86)\NVIDIA Corporation\3D Vision\nvSCPAPI64.dll
0x0000000072040000 - 0x0000000072087000 	F:\Program Files\Java\jdk1.8.0_73\jre\bin\fontmanager.dll
0x0000000180000000 - 0x0000000180053000 	C:\Users\marce\git\SIMse3D\LWJGL\lwjgl-2.9.3\native\windows\lwjgl64.dll
0x00007ffe81650000 - 0x00007ffe81773000 	C:\WINDOWS\SYSTEM32\OPENGL32.dll
0x00007ffe8d4b0000 - 0x00007ffe8d4dd000 	C:\WINDOWS\SYSTEM32\GLU32.dll
0x00007ffe81550000 - 0x00007ffe81647000 	C:\WINDOWS\SYSTEM32\DDRAW.dll
0x00007ffe99ec0000 - 0x00007ffe99ec8000 	C:\WINDOWS\SYSTEM32\DCIMAN32.dll
0x00007ffe8d210000 - 0x00007ffe8d247000 	C:\WINDOWS\SYSTEM32\OpenCL.dll
0x00007ffe6d8d0000 - 0x00007ffe6e327000 	C:\WINDOWS\System32\nvopencl.dll
0x00007ffe8c140000 - 0x00007ffe8c1ec000 	C:\WINDOWS\SYSTEM32\nvfatbinaryLoader.dll
0x00007ffe9a9a0000 - 0x00007ffe9a9c8000 	C:\WINDOWS\SYSTEM32\DEVOBJ.dll
0x00007ffe9cbc0000 - 0x00007ffe9cc15000 	C:\WINDOWS\System32\WINTRUST.dll
0x00007ffe9be10000 - 0x00007ffe9be20000 	C:\WINDOWS\System32\MSASN1.dll
0x00007ffe9c9f0000 - 0x00007ffe9cbb8000 	C:\WINDOWS\System32\CRYPT32.dll
0x00007ffe60470000 - 0x00007ffe62aba000 	C:\WINDOWS\system32\nvcompiler.dll
0x00007ffe88dd0000 - 0x00007ffe88f62000 	C:\WINDOWS\SYSTEM32\dbghelp.dll
0x0000000072360000 - 0x000000007237a000 	F:\Program Files\Java\jdk1.8.0_73\jre\bin\net.dll
0x00007ffe9b6c0000 - 0x00007ffe9b71c000 	C:\WINDOWS\system32\mswsock.dll
0x0000000072340000 - 0x0000000072351000 	F:\Program Files\Java\jdk1.8.0_73\jre\bin\nio.dll
0x0000000071ff0000 - 0x0000000072032000 	F:\Program Files\Java\jdk1.8.0_73\jre\bin\t2k.dll

VM Arguments:
jvm_args: -Djava.library.path=C:\Users\marce\git\SIMse3D\LWJGL\lwjgl-2.9.3\native\windows -Dfile.encoding=Cp1252 
java_command: com.se.test.Main
java_class_path (initial): C:\Users\marce\git\SIMse3D\SIMse3D\bin;C:\Users\marce\git\SIMse3D\LWJGL\lwjgl-2.9.3\jar\AppleJavaExtensions.jar;C:\Users\marce\git\SIMse3D\LWJGL\lwjgl-2.9.3\jar\asm-debug-all.jar;C:\Users\marce\git\SIMse3D\LWJGL\lwjgl-2.9.3\jar\jinput.jar;C:\Users\marce\git\SIMse3D\LWJGL\lwjgl-2.9.3\jar\laf-plugin-7.2.1.jar;C:\Users\marce\git\SIMse3D\LWJGL\lwjgl-2.9.3\jar\laf-widget-7.2.1.jar;C:\Users\marce\git\SIMse3D\LWJGL\lwjgl-2.9.3\jar\log4j-api-2.0-beta9.jar;C:\Users\marce\git\SIMse3D\LWJGL\lwjgl-2.9.3\jar\lwjgl.jar;C:\Users\marce\git\SIMse3D\LWJGL\lwjgl-2.9.3\jar\lwjgl_test.jar;C:\Users\marce\git\SIMse3D\LWJGL\lwjgl-2.9.3\jar\lwjgl_util.jar;C:\Users\marce\git\SIMse3D\LWJGL\lwjgl-2.9.3\jar\lwjgl_util_applet.jar;C:\Users\marce\git\SIMse3D\LWJGL\lwjgl-2.9.3\jar\lwjgl-debug.jar;C:\Users\marce\git\SIMse3D\LWJGL\lwjgl-2.9.3\jar\lzma.jar;C:\Users\marce\git\SIMse3D\LWJGL\lwjgl-2.9.3\jar\substance-7.2.1.jar;C:\Users\marce\git\SIMse3D\LWJGL\lwjgl-2.9.3\jar\trident-7.2.1.jar
Launcher Type: SUN_STANDARD

Environment Variables:
PATH=F:/Program Files/Java/jdk1.8.0_73/bin/../jre/bin/server;F:/Program Files/Java/jdk1.8.0_73/bin/../jre/bin;F:/Program Files/Java/jdk1.8.0_73/bin/../jre/lib/amd64;C:\Program Files\NVIDIA GPU Computing Toolkit\CUDA\v8.0\bin;C:\Program Files\NVIDIA GPU Computing Toolkit\CUDA\v8.0\libnvvp;C:\ProgramData\Oracle\Java\javapath;C:\Program Files (x86)\ActiveState Komodo Edit 10\;C:\WINDOWS\system32;C:\WINDOWS;C:\WINDOWS\System32\Wbem;C:\WINDOWS\System32\WindowsPowerShell\v1.0\;C:\Program Files (x86)\NVIDIA Corporation\PhysX\Common;C:\Program Files (x86)\GtkSharp\2.12\bin;C:\Program Files (x86)\Windows Kits\8.1\Windows Performance Toolkit\;C:\Program Files (x86)\Windows Kits\10\Windows Performance Toolkit\;C:\Users\marce\.dnx\bin;C:\Program Files\Microsoft DNX\Dnvm\;C:\Program Files\nodejs\;C:\Program Files\Microsoft SQL Server\110\Tools\Binn\;C:\Program Files (x86)\Microsoft SDKs\TypeScript\1.0\;C:\Program Files\Microsoft SQL Server\120\Tools\Binn\;C:\Program Files\MiKTeX 2.9\miktex\bin\x64\;C:\Program Files\OpenVPN\bin;C:\Program Files\Git\cmd;C:\Users\marce\AppData\Local\Microsoft\WindowsApps;C:\Users\marce\AppData\Roaming\npm;F:\Users\Simader\Videos\BOT\ffmpeg\bin;C:\Users\marce\AppData\Local\Google\Cloud SDK\google-cloud-sdk\bin;C:\Program Files (x86)\Google\google_appengine\;C:\Python35;C:\Program Files\NVIDIA GPU Computing Toolkit\CUDA\v8.0\bin\cudnn64_5.dll;C:\Users\marce\eclipse\java-neon\eclipse;
USERNAME=marce
OS=Windows_NT
PROCESSOR_IDENTIFIER=AMD64 Family 21 Model 2 Stepping 0, AuthenticAMD



---------------  S Y S T E M  ---------------

OS: Windows 10.0 , 64 bit Build 14393 (10.0.14393.0)

CPU:total 8 (8 cores per cpu, 1 threads per core) family 21 model 2 stepping 0, cmov, cx8, fxsr, mmx, sse, sse2, sse3, ssse3, sse4.1, sse4.2, popcnt, avx, aes, clmul, mmxext, 3dnowpref, lzcnt, sse4a, tsc, tscinvbit, tscinv, bmi1

Memory: 4k page, physical 12575416k(6166116k free), swap 25682616k(15541652k free)

vm_info: Java HotSpot(TM) 64-Bit Server VM (25.73-b02) for windows-amd64 JRE (1.8.0_73-b02), built on Jan 29 2016 17:38:49 by "java_re" with MS VC++ 10.0 (VS2010)

time: Sun Oct 01 13:38:50 2017
elapsed time: 1 seconds (0d 0h 0m 1s)

