#
# A fatal error has been detected by the Java Runtime Environment:
#
#  EXCEPTION_ACCESS_VIOLATION (0xc0000005) at pc=0x00007ffe6d964cb3, pid=4568, tid=5744
#
# JRE version: Java(TM) SE Runtime Environment (8.0_73-b02) (build 1.8.0_73-b02)
# Java VM: Java HotSpot(TM) 64-Bit Server VM (25.73-b02 mixed mode windows-amd64 compressed oops)
# Problematic frame:
# C  [nvopencl.dll+0x94cb3]
#
# Failed to write core dump. Minidumps are not enabled by default on client versions of Windows
#
# If you would like to submit a bug report, please visit:
#   http://bugreport.java.com/bugreport/crash.jsp
# The crash happened outside the Java Virtual Machine in native code.
# See problematic frame for where to report the bug.
#

---------------  T H R E A D  ---------------

Current thread (0x000000001d055800):  JavaThread "Testrender" [_thread_in_native, id=5744, stack(0x000000002d7b0000,0x000000002d8b0000)]

siginfo: ExceptionCode=0xc0000005, writing address 0x000000002c6da000

Registers:
RAX=0xffffffffffffd800, RBX=0x0000000302d03fc0, RCX=0x0000000000000061, RDX=0x0000000302d03000
RSP=0x000000002d8add30, RBP=0x0000000000000000, RSI=0x000000002c6da040, RDI=0x0000000302d03000
R8 =0x0000000000002800, R9 =0x0000000000000200, R10=0x0000000000384000, R11=0x0000000000000246
R12=0x0000000000002800, R13=0x0000000000002800, R14=0x0000000302c40000, R15=0x000000002c616040
RIP=0x00007ffe6d964cb3, EFLAGS=0x0000000000010202

Top of Stack: (sp=0x000000002d8add30)
0x000000002d8add30:   00000000234dbe40 0000000023aa4201
0x000000002d8add40:   000000002d8adf60 000000002400eb70
0x000000002d8add50:   0000000000000000 00007ffe6db06525
0x000000002d8add60:   000000002c6d9040 00007ffe6d964e7b
0x000000002d8add70:   00000000234dbe40 0000000000002800
0x000000002d8add80:   0000000000000018 0000000000000000
0x000000002d8add90:   00007ffe6d964db0 00000000234dbe40
0x000000002d8adda0:   0000000000000000 00007ffe6da3a96f
0x000000002d8addb0:   0000000000000000 000000002d8ae760
0x000000002d8addc0:   0000000000000002 0000000024008140
0x000000002d8addd0:   0000000000000000 0000000000384000
0x000000002d8adde0:   000000002d8ae478 0000000000000000
0x000000002d8addf0:   000000002d8ae478 000000002d8adf60
0x000000002d8ade00:   000000002d8ae478 0000000023aa4230
0x000000002d8ade10:   000000002d8ae760 000000002d8ae280
0x000000002d8ade20:   0000000000000000 00007ffe6db28bd2 

Instructions: (pc=0x00007ffe6d964cb3)
0x00007ffe6d964c93:   48 6b c1 c0 48 03 e8 66 0f 1f 44 00 00 0f 28 03
0x00007ffe6d964ca3:   0f 28 5b 10 0f 28 53 20 48 83 c6 40 0f 28 4b 30
0x00007ffe6d964cb3:   0f 2b 46 c0 0f 2b 5e d0 48 83 c3 40 0f 2b 56 e0
0x00007ffe6d964cc3:   0f 2b 4e f0 48 ff c9 75 d4 48 83 fd 10 72 22 48 


Register to memory mapping:

RAX=0xffffffffffffd800 is an unknown value
RBX=0x0000000302d03fc0 is an unknown value
RCX=0x0000000000000061 is an unknown value
RDX=0x0000000302d03000 is an unknown value
RSP=0x000000002d8add30 is pointing into the stack for thread: 0x000000001d055800
RBP=0x0000000000000000 is an unknown value
RSI=0x000000002c6da040 is an unknown value
RDI=0x0000000302d03000 is an unknown value
R8 =0x0000000000002800 is an unknown value
R9 =0x0000000000000200 is an unknown value
R10=0x0000000000384000 is an unknown value
R11=0x0000000000000246 is an unknown value
R12=0x0000000000002800 is an unknown value
R13=0x0000000000002800 is an unknown value
R14=0x0000000302c40000 is an unknown value
R15=0x000000002c616040 is an unknown value


Stack: [0x000000002d7b0000,0x000000002d8b0000],  sp=0x000000002d8add30,  free space=1015k
Native frames: (J=compiled Java code, j=interpreted, Vv=VM code, C=native code)

Java frames: (J=compiled Java code, j=interpreted, Vv=VM code)
j  org.lwjgl.opencl.CL10.nclEnqueueReadImage(JJIJJJJJIJJJ)I+0
j  org.lwjgl.opencl.CL10.clEnqueueReadImage(Lorg/lwjgl/opencl/CLCommandQueue;Lorg/lwjgl/opencl/CLMem;ILorg/lwjgl/PointerBuffer;Lorg/lwjgl/PointerBuffer;JJLjava/nio/IntBuffer;Lorg/lwjgl/PointerBuffer;Lorg/lwjgl/PointerBuffer;)I+109
j  com.se.test.Main.render(Ljava/lang/Thread;Ljava/awt/Graphics;)V+4141
j  com.se.test.Main.lambda$1(Ljava/lang/Thread;Ljava/awt/Graphics;)V+2
j  com.se.test.Main$$Lambda$2.accept(Ljava/lang/Object;Ljava/lang/Object;)V+8
j  com.se.simse.SIMMain.lambda$1()V+54
j  com.se.simse.SIMMain$$Lambda$17.run()V+4
j  java.lang.Thread.run()V+11
v  ~StubRoutines::call_stub

---------------  P R O C E S S  ---------------

Java Threads: ( => current thread )
  0x0000000000ded800 JavaThread "DestroyJavaVM" [_thread_blocked, id=10728, stack(0x0000000002650000,0x0000000002750000)]
=>0x000000001d055800 JavaThread "Testrender" [_thread_in_native, id=5744, stack(0x000000002d7b0000,0x000000002d8b0000)]
  0x000000001cf8b000 JavaThread "Testupdate" [_thread_in_Java, id=13340, stack(0x000000002d6b0000,0x000000002d7b0000)]
  0x000000001cc1a800 JavaThread "D3D Screen Updater" daemon [_thread_blocked, id=21112, stack(0x0000000022a10000,0x0000000022b10000)]
  0x000000001c2ba000 JavaThread "AWT-EventQueue-0" [_thread_blocked, id=13736, stack(0x0000000022800000,0x0000000022900000)]
  0x000000001cb3e800 JavaThread "AWT-Windows" daemon [_thread_in_native, id=16124, stack(0x000000001d6b0000,0x000000001d7b0000)]
  0x000000001cb3e000 JavaThread "AWT-Shutdown" [_thread_blocked, id=19356, stack(0x000000001d5b0000,0x000000001d6b0000)]
  0x000000001cb3d000 JavaThread "Java2D Disposer" daemon [_thread_blocked, id=2328, stack(0x000000001d4b0000,0x000000001d5b0000)]
  0x000000001bf7d800 JavaThread "Service Thread" daemon [_thread_blocked, id=7276, stack(0x000000001c8c0000,0x000000001c9c0000)]
  0x000000001befb000 JavaThread "C1 CompilerThread3" daemon [_thread_blocked, id=11948, stack(0x000000001c7c0000,0x000000001c8c0000)]
  0x000000001bef3800 JavaThread "C2 CompilerThread2" daemon [_thread_blocked, id=13732, stack(0x000000001c6c0000,0x000000001c7c0000)]
  0x000000001beeb000 JavaThread "C2 CompilerThread1" daemon [_thread_blocked, id=2148, stack(0x000000001c5c0000,0x000000001c6c0000)]
  0x000000001bee8000 JavaThread "C2 CompilerThread0" daemon [_thread_blocked, id=4672, stack(0x000000001c4c0000,0x000000001c5c0000)]
  0x000000001bee5800 JavaThread "Attach Listener" daemon [_thread_blocked, id=21336, stack(0x000000001c3c0000,0x000000001c4c0000)]
  0x000000001bee4800 JavaThread "Signal Dispatcher" daemon [_thread_blocked, id=3284, stack(0x000000001c2c0000,0x000000001c3c0000)]
  0x000000000284a000 JavaThread "Finalizer" daemon [_thread_blocked, id=21476, stack(0x000000001bcd0000,0x000000001bdd0000)]
  0x0000000002843000 JavaThread "Reference Handler" daemon [_thread_blocked, id=3576, stack(0x000000001bbd0000,0x000000001bcd0000)]

Other Threads:
  0x0000000019e09000 VMThread [stack: 0x000000001bad0000,0x000000001bbd0000] [id=18600]
  0x000000001bf3d800 WatcherThread [stack: 0x000000001c9c0000,0x000000001cac0000] [id=1320]

VM state:not at safepoint (normal execution)

VM Mutex/Monitor currently owned by a thread: None

Heap:
 PSYoungGen      total 57344K, used 35818K [0x0000000780000000, 0x0000000784000000, 0x00000007c0000000)
  eden space 49152K, 72% used [0x0000000780000000,0x00000007822fa850,0x0000000783000000)
  from space 8192K, 0% used [0x0000000783800000,0x0000000783800000,0x0000000784000000)
  to   space 8192K, 0% used [0x0000000783000000,0x0000000783000000,0x0000000783800000)
 ParOldGen       total 131072K, used 0K [0x0000000700000000, 0x0000000708000000, 0x0000000780000000)
  object space 131072K, 0% used [0x0000000700000000,0x0000000700000000,0x0000000708000000)
 Metaspace       used 9861K, capacity 10016K, committed 10240K, reserved 1058816K
  class space    used 1158K, capacity 1228K, committed 1280K, reserved 1048576K

Card table byte_map: [0x0000000011c10000,0x0000000012220000] byte_map_base: 0x000000000e410000

Marking Bits: (ParMarkBitMap*) 0x0000000071730600
 Begin Bits: [0x0000000012e20000, 0x0000000015e20000)
 End Bits:   [0x0000000015e20000, 0x0000000018e20000)

Polling page: 0x0000000000dc0000

CodeCache: size=245760Kb used=2412Kb max_used=2430Kb free=243347Kb
 bounds [0x0000000002850000, 0x0000000002ac0000, 0x0000000011850000]
 total_blobs=1098 nmethods=601 adapters=411
 compilation: enabled

Compilation events (10 events):
Event: 1.471 Thread 0x000000001bee8000 nmethod 581 0x0000000002aa0110 code [0x0000000002aa0260, 0x0000000002aa06b8]
Event: 1.472 Thread 0x000000001befb000  598 %     3       com.se.simse.SIMMain::lambda$0 @ 77 (173 bytes)
Event: 1.473 Thread 0x000000001befb000 nmethod 598% 0x0000000002aa9e10 code [0x0000000002aaa0c0, 0x0000000002aab368]
Event: 1.474 Thread 0x000000001bef3800  599 %     4       com.se.simse.SIMMain::lambda$0 @ 77 (173 bytes)
Event: 1.476 Thread 0x000000001bee8000  600       4       com.se.simse.math.Triangle::<init> (20 bytes)
Event: 1.477 Thread 0x000000001bee8000 nmethod 600 0x0000000002a981d0 code [0x0000000002a98300, 0x0000000002a98398]
Event: 1.478 Thread 0x000000001bef3800 nmethod 599% 0x0000000002aac390 code [0x0000000002aac520, 0x0000000002aac7a8]
Event: 1.481 Thread 0x000000001befb000  601       3       java.nio.Buffer::remaining (10 bytes)
Event: 1.481 Thread 0x000000001befb000 nmethod 601 0x0000000002aac090 code [0x0000000002aac1e0, 0x0000000002aac330]
Event: 1.486 Thread 0x000000001beeb000 nmethod 531 0x0000000002ab0690 code [0x0000000002ab08c0, 0x0000000002ab24f8]

GC Heap History (0 events):
No events

Deoptimization events (8 events):
Event: 1.410 Thread 0x0000000000ded800 Uncommon trap: reason=predicate action=maybe_recompile pc=0x0000000002a87550 method=java.util.AbstractCollection.toArray([Ljava/lang/Object;)[Ljava/lang/Object; @ 49
Event: 1.416 Thread 0x0000000000ded800 Uncommon trap: reason=unstable_if action=reinterpret pc=0x0000000002a8dff0 method=sun.misc.FloatingDecimal.readJavaFormatString(Ljava/lang/String;)Lsun/misc/FloatingDecimal$ASCIIToBinaryConverter; @ 445
Event: 1.423 Thread 0x0000000000ded800 Uncommon trap: reason=array_check action=maybe_recompile pc=0x0000000002a8fbb0 method=java.util.AbstractCollection.toArray([Ljava/lang/Object;)[Ljava/lang/Object; @ 119
Event: 1.423 Thread 0x0000000000ded800 Uncommon trap: reason=array_check action=maybe_recompile pc=0x0000000002a8fbb0 method=java.util.AbstractCollection.toArray([Ljava/lang/Object;)[Ljava/lang/Object; @ 119
Event: 1.423 Thread 0x0000000000ded800 Uncommon trap: reason=array_check action=maybe_recompile pc=0x0000000002a8fbb0 method=java.util.AbstractCollection.toArray([Ljava/lang/Object;)[Ljava/lang/Object; @ 119
Event: 1.424 Thread 0x0000000000ded800 Uncommon trap: reason=array_check action=maybe_recompile pc=0x0000000002a8fbb0 method=java.util.AbstractCollection.toArray([Ljava/lang/Object;)[Ljava/lang/Object; @ 119
Event: 1.445 Thread 0x000000001c2ba000 Uncommon trap: reason=class_check action=maybe_recompile pc=0x0000000002a8b6e4 method=java.util.Arrays.copyOf([Ljava/lang/Object;ILjava/lang/Class;)[Ljava/lang/Object; @ 24
Event: 1.472 Thread 0x000000001cf8b000 Uncommon trap: reason=unstable_if action=reinterpret pc=0x0000000002aa42c4 method=com.se.simse.SIMMain.lambda$0()V @ 87

Internal exceptions (10 events):
Event: 0.202 Thread 0x0000000000ded800 Exception <a 'java/io/FileNotFoundException'> (0x000000078041f1a0) thrown at [D:\re\puppet\workspace\8-2-build-windows-amd64-cygwin\jdk8u73\6086\hotspot\src\share\vm\prims\jni.cpp, line 709]
Event: 0.226 Thread 0x0000000000ded800 Exception <a 'java/io/FileNotFoundException'> (0x0000000780440b90) thrown at [D:\re\puppet\workspace\8-2-build-windows-amd64-cygwin\jdk8u73\6086\hotspot\src\share\vm\prims\jni.cpp, line 709]
Event: 1.054 Thread 0x0000000000ded800 Exception <a 'java/security/PrivilegedActionException'> (0x0000000780670d08) thrown at [D:\re\puppet\workspace\8-2-build-windows-amd64-cygwin\jdk8u73\6086\hotspot\src\share\vm\prims\jvm.cpp, line 1386]
Event: 1.054 Thread 0x0000000000ded800 Exception <a 'java/security/PrivilegedActionException'> (0x00000007806728b8) thrown at [D:\re\puppet\workspace\8-2-build-windows-amd64-cygwin\jdk8u73\6086\hotspot\src\share\vm\prims\jvm.cpp, line 1386]
Event: 1.054 Thread 0x0000000000ded800 Exception <a 'java/security/PrivilegedActionException'> (0x00000007806739d8) thrown at [D:\re\puppet\workspace\8-2-build-windows-amd64-cygwin\jdk8u73\6086\hotspot\src\share\vm\prims\jvm.cpp, line 1386]
Event: 1.055 Thread 0x0000000000ded800 Exception <a 'java/security/PrivilegedActionException'> (0x0000000780678cb8) thrown at [D:\re\puppet\workspace\8-2-build-windows-amd64-cygwin\jdk8u73\6086\hotspot\src\share\vm\prims\jvm.cpp, line 1386]
Event: 1.055 Thread 0x0000000000ded800 Exception <a 'java/security/PrivilegedActionException'> (0x0000000780679910) thrown at [D:\re\puppet\workspace\8-2-build-windows-amd64-cygwin\jdk8u73\6086\hotspot\src\share\vm\prims\jvm.cpp, line 1386]
Event: 1.055 Thread 0x0000000000ded800 Exception <a 'java/security/PrivilegedActionException'> (0x000000078067a538) thrown at [D:\re\puppet\workspace\8-2-build-windows-amd64-cygwin\jdk8u73\6086\hotspot\src\share\vm\prims\jvm.cpp, line 1386]
Event: 1.056 Thread 0x0000000000ded800 Exception <a 'org/lwjgl/LWJGLException'> (0x000000078067b920) thrown at [D:\re\puppet\workspace\8-2-build-windows-amd64-cygwin\jdk8u73\6086\hotspot\src\share\vm\prims\jni.cpp, line 709]
Event: 1.056 Thread 0x0000000000ded800 Exception <a 'org/lwjgl/LWJGLException'> (0x000000078067bfb0) thrown at [D:\re\puppet\workspace\8-2-build-windows-amd64-cygwin\jdk8u73\6086\hotspot\src\share\vm\prims\jni.cpp, line 709]

Events (10 events):
Event: 1.467 Thread 0x000000001cf8b000 DEOPT UNPACKING pc=0x000000000289747f sp=0x000000002d7af2c8 mode 0
Event: 1.472 Thread 0x000000001cf8b000 Uncommon trap: trap_request=0xffffff65 fr.pc=0x0000000002aa42c4
Event: 1.472 Thread 0x000000001cf8b000 DEOPT PACKING pc=0x0000000002aa42c4 sp=0x000000002d7af590
Event: 1.472 Thread 0x000000001cf8b000 DEOPT UNPACKING pc=0x000000000289582a sp=0x000000002d7af558 mode 2
Event: 1.478 Thread 0x000000001cf8b000 DEOPT PACKING pc=0x0000000002aab039 sp=0x000000002d7af4f0
Event: 1.478 Thread 0x000000001cf8b000 DEOPT UNPACKING pc=0x000000000289747f sp=0x000000002d7af2c8 mode 0
Event: 1.481 loading class org/lwjgl/opencl/CLKernel
Event: 1.481 loading class org/lwjgl/opencl/CLKernel done
Event: 1.485 loading class org/lwjgl/opencl/CLChecks
Event: 1.485 loading class org/lwjgl/opencl/CLChecks done


Dynamic libraries:
0x00007ff6c19a0000 - 0x00007ff6c19d7000 	F:\Program Files\Java\jdk1.8.0_73\bin\javaw.exe
0x00007ffe9f890000 - 0x00007ffe9fa61000 	C:\WINDOWS\SYSTEM32\ntdll.dll
0x00007ffe9dd80000 - 0x00007ffe9de2b000 	C:\WINDOWS\System32\KERNEL32.DLL
0x00007ffe9c660000 - 0x00007ffe9c87d000 	C:\WINDOWS\System32\KERNELBASE.dll
0x00007ffe9de30000 - 0x00007ffe9ded2000 	C:\WINDOWS\System32\ADVAPI32.dll
0x00007ffe9ce20000 - 0x00007ffe9cebe000 	C:\WINDOWS\System32\msvcrt.dll
0x00007ffe9f830000 - 0x00007ffe9f889000 	C:\WINDOWS\System32\sechost.dll
0x00007ffe9d5d0000 - 0x00007ffe9d6f1000 	C:\WINDOWS\System32\RPCRT4.dll
0x00007ffe9d460000 - 0x00007ffe9d5c5000 	C:\WINDOWS\System32\USER32.dll
0x00007ffe9c9d0000 - 0x00007ffe9c9ee000 	C:\WINDOWS\System32\win32u.dll
0x00007ffe9d7a0000 - 0x00007ffe9d7d4000 	C:\WINDOWS\System32\GDI32.dll
0x00007ffe9cc90000 - 0x00007ffe9ce12000 	C:\WINDOWS\System32\gdi32full.dll
0x00007ffe8e3e0000 - 0x00007ffe8e659000 	C:\WINDOWS\WinSxS\amd64_microsoft.windows.common-controls_6595b64144ccf1df_6.0.14393.0_none_2d0f50fcbdb171b8\COMCTL32.dll
0x00007ffe9f460000 - 0x00007ffe9f727000 	C:\WINDOWS\System32\combase.dll
0x00007ffe9c8d0000 - 0x00007ffe9c9c5000 	C:\WINDOWS\System32\ucrtbase.dll
0x00007ffe9cc20000 - 0x00007ffe9cc8a000 	C:\WINDOWS\System32\bcryptPrimitives.dll
0x00007ffe9f730000 - 0x00007ffe9f75e000 	C:\WINDOWS\System32\IMM32.DLL
0x0000000072230000 - 0x0000000072302000 	F:\Program Files\Java\jdk1.8.0_73\jre\bin\msvcr100.dll
0x0000000070f20000 - 0x00000000717b0000 	F:\Program Files\Java\jdk1.8.0_73\jre\bin\server\jvm.dll
0x00007ffe9cee0000 - 0x00007ffe9cee8000 	C:\WINDOWS\System32\PSAPI.DLL
0x00007ffe968f0000 - 0x00007ffe968fa000 	C:\WINDOWS\SYSTEM32\VERSION.dll
0x00007ffe99e20000 - 0x00007ffe99e43000 	C:\WINDOWS\SYSTEM32\WINMM.dll
0x00007ffe98980000 - 0x00007ffe98989000 	C:\WINDOWS\SYSTEM32\WSOCK32.dll
0x00007ffe9dee0000 - 0x00007ffe9df4a000 	C:\WINDOWS\System32\WS2_32.dll
0x0000000000d90000 - 0x0000000000dbb000 	C:\WINDOWS\SYSTEM32\WINMMBASE.dll
0x00007ffe9c880000 - 0x00007ffe9c8c2000 	C:\WINDOWS\System32\cfgmgr32.dll
0x00000000723d0000 - 0x00000000723df000 	F:\Program Files\Java\jdk1.8.0_73\jre\bin\verify.dll
0x00000000723a0000 - 0x00000000723c9000 	F:\Program Files\Java\jdk1.8.0_73\jre\bin\java.dll
0x0000000072380000 - 0x0000000072396000 	F:\Program Files\Java\jdk1.8.0_73\jre\bin\zip.dll
0x00007ffe9df50000 - 0x00007ffe9f458000 	C:\WINDOWS\System32\SHELL32.dll
0x00007ffe9be20000 - 0x00007ffe9c4fa000 	C:\WINDOWS\System32\windows.storage.dll
0x00007ffe9bdc0000 - 0x00007ffe9be0c000 	C:\WINDOWS\System32\powrprof.dll
0x00007ffe9f760000 - 0x00007ffe9f7b2000 	C:\WINDOWS\System32\shlwapi.dll
0x00007ffe9bdb0000 - 0x00007ffe9bdbf000 	C:\WINDOWS\System32\kernel.appcore.dll
0x00007ffe9c5b0000 - 0x00007ffe9c659000 	C:\WINDOWS\System32\shcore.dll
0x00007ffe9bd90000 - 0x00007ffe9bda4000 	C:\WINDOWS\System32\profapi.dll
0x0000000072090000 - 0x0000000072228000 	F:\Program Files\Java\jdk1.8.0_73\jre\bin\awt.dll
0x00007ffe9d3a0000 - 0x00007ffe9d45c000 	C:\WINDOWS\System32\OLEAUT32.dll
0x00007ffe9a0a0000 - 0x00007ffe9a11a000 	C:\WINDOWS\SYSTEM32\apphelp.dll
0x00007ffe98d30000 - 0x00007ffe98d56000 	C:\WINDOWS\system32\DWMAPI.DLL
0x00007ffe9a420000 - 0x00007ffe9a4b5000 	C:\WINDOWS\system32\uxtheme.dll
0x00007ffe9d100000 - 0x00007ffe9d25b000 	C:\WINDOWS\System32\MSCTF.dll
0x00007ffe9d260000 - 0x00007ffe9d397000 	C:\WINDOWS\System32\ole32.dll
0x00007ffe832f0000 - 0x00007ffe8347d000 	C:\WINDOWS\system32\d3d9.dll
0x00007ffe65b50000 - 0x00007ffe66c0d000 	C:\WINDOWS\System32\DriverStore\FileRepository\nvddui.inf_amd64_ca5bbb3cd45508c6\nvd3dumx.dll
0x00007ffe90850000 - 0x00007ffe90a1c000 	C:\WINDOWS\system32\nvspcap64.dll
0x00007ffe9d7e0000 - 0x00007ffe9dc09000 	C:\WINDOWS\System32\SETUPAPI.dll
0x00007ffe98ce0000 - 0x00007ffe98cf3000 	C:\WINDOWS\SYSTEM32\WTSAPI32.dll
0x00007ffe98000000 - 0x00007ffe980cc000 	C:\WINDOWS\SYSTEM32\WINHTTP.dll
0x00007ffe93100000 - 0x00007ffe934fc000 	C:\WINDOWS\system32\nvapi64.dll
0x00007ffe9ad20000 - 0x00007ffe9adbf000 	C:\WINDOWS\SYSTEM32\dxgi.dll
0x00007ffe944d0000 - 0x00007ffe945b6000 	C:\Program Files (x86)\NVIDIA Corporation\3D Vision\nvSCPAPI64.dll
0x0000000072040000 - 0x0000000072087000 	F:\Program Files\Java\jdk1.8.0_73\jre\bin\fontmanager.dll
0x0000000180000000 - 0x0000000180053000 	C:\Users\marce\git\SIMse3D\LWJGL\lwjgl-2.9.3\native\windows\lwjgl64.dll
0x00007ffe813a0000 - 0x00007ffe814c3000 	C:\WINDOWS\SYSTEM32\OPENGL32.dll
0x00007ffe812a0000 - 0x00007ffe81397000 	C:\WINDOWS\SYSTEM32\DDRAW.dll
0x00007ffe8d5b0000 - 0x00007ffe8d5dd000 	C:\WINDOWS\SYSTEM32\GLU32.dll
0x00007ffe99ec0000 - 0x00007ffe99ec8000 	C:\WINDOWS\SYSTEM32\DCIMAN32.dll
0x00007ffe8d1a0000 - 0x00007ffe8d1d7000 	C:\WINDOWS\SYSTEM32\OpenCL.dll
0x00007ffe6d8d0000 - 0x00007ffe6e327000 	C:\WINDOWS\System32\nvopencl.dll
0x00007ffe8c140000 - 0x00007ffe8c1ec000 	C:\WINDOWS\SYSTEM32\nvfatbinaryLoader.dll
0x00007ffe9a9a0000 - 0x00007ffe9a9c8000 	C:\WINDOWS\SYSTEM32\DEVOBJ.dll
0x00007ffe9cbc0000 - 0x00007ffe9cc15000 	C:\WINDOWS\System32\WINTRUST.dll
0x00007ffe9be10000 - 0x00007ffe9be20000 	C:\WINDOWS\System32\MSASN1.dll
0x00007ffe9c9f0000 - 0x00007ffe9cbb8000 	C:\WINDOWS\System32\CRYPT32.dll
0x00007ffe60470000 - 0x00007ffe62aba000 	C:\WINDOWS\system32\nvcompiler.dll
0x00007ffe88dd0000 - 0x00007ffe88f62000 	C:\WINDOWS\SYSTEM32\dbghelp.dll

VM Arguments:
jvm_args: -Djava.library.path=C:\Users\marce\git\SIMse3D\LWJGL\lwjgl-2.9.3\native\windows -Dfile.encoding=Cp1252 
java_command: com.se.test.Main
java_class_path (initial): C:\Users\marce\git\SIMse3D\SIMse3D\bin;C:\Users\marce\git\SIMse3D\LWJGL\lwjgl-2.9.3\jar\AppleJavaExtensions.jar;C:\Users\marce\git\SIMse3D\LWJGL\lwjgl-2.9.3\jar\asm-debug-all.jar;C:\Users\marce\git\SIMse3D\LWJGL\lwjgl-2.9.3\jar\jinput.jar;C:\Users\marce\git\SIMse3D\LWJGL\lwjgl-2.9.3\jar\laf-plugin-7.2.1.jar;C:\Users\marce\git\SIMse3D\LWJGL\lwjgl-2.9.3\jar\laf-widget-7.2.1.jar;C:\Users\marce\git\SIMse3D\LWJGL\lwjgl-2.9.3\jar\log4j-api-2.0-beta9.jar;C:\Users\marce\git\SIMse3D\LWJGL\lwjgl-2.9.3\jar\lwjgl.jar;C:\Users\marce\git\SIMse3D\LWJGL\lwjgl-2.9.3\jar\lwjgl_test.jar;C:\Users\marce\git\SIMse3D\LWJGL\lwjgl-2.9.3\jar\lwjgl_util.jar;C:\Users\marce\git\SIMse3D\LWJGL\lwjgl-2.9.3\jar\lwjgl_util_applet.jar;C:\Users\marce\git\SIMse3D\LWJGL\lwjgl-2.9.3\jar\lwjgl-debug.jar;C:\Users\marce\git\SIMse3D\LWJGL\lwjgl-2.9.3\jar\lzma.jar;C:\Users\marce\git\SIMse3D\LWJGL\lwjgl-2.9.3\jar\substance-7.2.1.jar;C:\Users\marce\git\SIMse3D\LWJGL\lwjgl-2.9.3\jar\trident-7.2.1.jar
Launcher Type: SUN_STANDARD

Environment Variables:
PATH=F:/Program Files/Java/jdk1.8.0_73/bin/../jre/bin/server;F:/Program Files/Java/jdk1.8.0_73/bin/../jre/bin;F:/Program Files/Java/jdk1.8.0_73/bin/../jre/lib/amd64;C:\Program Files\NVIDIA GPU Computing Toolkit\CUDA\v8.0\bin;C:\Program Files\NVIDIA GPU Computing Toolkit\CUDA\v8.0\libnvvp;C:\ProgramData\Oracle\Java\javapath;C:\Program Files (x86)\ActiveState Komodo Edit 10\;C:\WINDOWS\system32;C:\WINDOWS;C:\WINDOWS\System32\Wbem;C:\WINDOWS\System32\WindowsPowerShell\v1.0\;C:\Program Files (x86)\NVIDIA Corporation\PhysX\Common;C:\Program Files (x86)\GtkSharp\2.12\bin;C:\Program Files (x86)\Windows Kits\8.1\Windows Performance Toolkit\;C:\Program Files (x86)\Windows Kits\10\Windows Performance Toolkit\;C:\Users\marce\.dnx\bin;C:\Program Files\Microsoft DNX\Dnvm\;C:\Program Files\nodejs\;C:\Program Files\Microsoft SQL Server\110\Tools\Binn\;C:\Program Files (x86)\Microsoft SDKs\TypeScript\1.0\;C:\Program Files\Microsoft SQL Server\120\Tools\Binn\;C:\Program Files\MiKTeX 2.9\miktex\bin\x64\;C:\Program Files\OpenVPN\bin;C:\Program Files\Git\cmd;C:\Users\marce\AppData\Local\Microsoft\WindowsApps;C:\Users\marce\AppData\Roaming\npm;F:\Users\Simader\Videos\BOT\ffmpeg\bin;C:\Users\marce\AppData\Local\Google\Cloud SDK\google-cloud-sdk\bin;C:\Program Files (x86)\Google\google_appengine\;C:\Python35;C:\Program Files\NVIDIA GPU Computing Toolkit\CUDA\v8.0\bin\cudnn64_5.dll;C:\Users\marce\eclipse\java-neon\eclipse;
USERNAME=marce
OS=Windows_NT
PROCESSOR_IDENTIFIER=AMD64 Family 21 Model 2 Stepping 0, AuthenticAMD



---------------  S Y S T E M  ---------------

OS: Windows 10.0 , 64 bit Build 14393 (10.0.14393.0)

CPU:total 8 (8 cores per cpu, 1 threads per core) family 21 model 2 stepping 0, cmov, cx8, fxsr, mmx, sse, sse2, sse3, ssse3, sse4.1, sse4.2, popcnt, avx, aes, clmul, mmxext, 3dnowpref, lzcnt, sse4a, tsc, tscinvbit, tscinv, bmi1

Memory: 4k page, physical 12575416k(6291568k free), swap 25682616k(15656632k free)

vm_info: Java HotSpot(TM) 64-Bit Server VM (25.73-b02) for windows-amd64 JRE (1.8.0_73-b02), built on Jan 29 2016 17:38:49 by "java_re" with MS VC++ 10.0 (VS2010)

time: Sun Oct 01 13:22:00 2017
elapsed time: 1 seconds (0d 0h 0m 1s)

