#
# A fatal error has been detected by the Java Runtime Environment:
#
#  EXCEPTION_ACCESS_VIOLATION (0xc0000005) at pc=0x00007ffe6db36ab0, pid=3648, tid=5232
#
# JRE version: Java(TM) SE Runtime Environment (8.0_73-b02) (build 1.8.0_73-b02)
# Java VM: Java HotSpot(TM) 64-Bit Server VM (25.73-b02 mixed mode windows-amd64 compressed oops)
# Problematic frame:
# C  [nvopencl.dll+0x266ab0]
#
# Failed to write core dump. Minidumps are not enabled by default on client versions of Windows
#
# If you would like to submit a bug report, please visit:
#   http://bugreport.java.com/bugreport/crash.jsp
# The crash happened outside the Java Virtual Machine in native code.
# See problematic frame for where to report the bug.
#

---------------  T H R E A D  ---------------

Current thread (0x000000001d5ef000):  JavaThread "Testrender" [_thread_in_native, id=5232, stack(0x000000002e210000,0x000000002e310000)]

siginfo: ExceptionCode=0xc0000005, reading address 0x0000000000000030

Registers:
RAX=0x0000000028c58ea0, RBX=0x0000000000000000, RCX=0x0000000000000000, RDX=0x0000000023580c60
RSP=0x000000002e30db68, RBP=0x000000002e30dc39, RSI=0x00000000243dfaa0, RDI=0x000000002e30de60
R8 =0x000000002e30e2b8, R9 =0x00000000238a9cb0, R10=0x0000000000000001, R11=0x000000002e30dc70
R12=0x000000002e30e5a0, R13=0x000000002e30e2b8, R14=0x0000000000000000, R15=0x0000000000000000
RIP=0x00007ffe6db36ab0, EFLAGS=0x0000000000010246

Top of Stack: (sp=0x000000002e30db68)
0x000000002e30db68:   00007ffe6da39dd5 000000002e30dbd0
0x000000002e30db78:   0000000070fbdf33 0000000000000001
0x000000002e30db88:   000000001d5ef000 0000000024505110
0x000000002e30db98:   00007ffe6da3ba5e 000000002e30dc19
0x000000002e30dba8:   000000002e30e5a0 0000000000f825af
0x000000002e30dbb8:   0000000000000000 0000000000000000
0x000000002e30dbc8:   00007ffe6db295ba 0000000000000000
0x000000002e30dbd8:   0000000000000000 0000000000000000
0x000000002e30dbe8:   0000000000000002 000000002e30dc50
0x000000002e30dbf8:   0000000000000000 0000000000000002
0x000000002e30dc08:   000000002e30dc50 0000000000000000
0x000000002e30dc18:   0000000000000a00 000000002e30e2b8
0x000000002e30dc28:   0000000000000000 000000002e30e5a0
0x000000002e30dc38:   0000000023580c60 0000000000000000
0x000000002e30dc48:   0000000000000001 0000000000000000
0x000000002e30dc58:   00007ffe6da4b569 000000002e30e2b8 

Instructions: (pc=0x00007ffe6db36ab0)
0x00007ffe6db36a90:   cc cc cc cc cc cc cc cc cc cc cc cc cc cc cc cc
0x00007ffe6db36aa0:   48 8b 41 28 c3 cc cc cc cc cc cc cc cc cc cc cc
0x00007ffe6db36ab0:   48 8b 41 30 c3 cc cc cc cc cc cc cc cc cc cc cc
0x00007ffe6db36ac0:   48 8b 42 18 0f 10 80 b0 00 00 00 0f 10 88 c0 00 


Register to memory mapping:

RAX=0x0000000028c58ea0 is an unknown value
RBX=0x0000000000000000 is an unknown value
RCX=0x0000000000000000 is an unknown value
RDX=0x0000000023580c60 is an unknown value
RSP=0x000000002e30db68 is pointing into the stack for thread: 0x000000001d5ef000
RBP=0x000000002e30dc39 is pointing into the stack for thread: 0x000000001d5ef000
RSI=0x00000000243dfaa0 is an unknown value
RDI=0x000000002e30de60 is pointing into the stack for thread: 0x000000001d5ef000
R8 =0x000000002e30e2b8 is pointing into the stack for thread: 0x000000001d5ef000
R9 =0x00000000238a9cb0 is an unknown value
R10=0x0000000000000001 is an unknown value
R11=0x000000002e30dc70 is pointing into the stack for thread: 0x000000001d5ef000
R12=0x000000002e30e5a0 is pointing into the stack for thread: 0x000000001d5ef000
R13=0x000000002e30e2b8 is pointing into the stack for thread: 0x000000001d5ef000
R14=0x0000000000000000 is an unknown value
R15=0x0000000000000000 is an unknown value


Stack: [0x000000002e210000,0x000000002e310000],  sp=0x000000002e30db68,  free space=1014k
Native frames: (J=compiled Java code, j=interpreted, Vv=VM code, C=native code)
C  [nvopencl.dll+0x266ab0]

Java frames: (J=compiled Java code, j=interpreted, Vv=VM code)
j  org.lwjgl.opencl.CL10.nclEnqueueReadImage(JJIJJJJJIJJJ)I+0
j  org.lwjgl.opencl.CL10.clEnqueueReadImage(Lorg/lwjgl/opencl/CLCommandQueue;Lorg/lwjgl/opencl/CLMem;ILorg/lwjgl/PointerBuffer;Lorg/lwjgl/PointerBuffer;JJLjava/nio/IntBuffer;Lorg/lwjgl/PointerBuffer;Lorg/lwjgl/PointerBuffer;)I+109
J 656% C1 com.se.test.Main.render(Ljava/lang/Thread;Ljava/awt/Graphics;)V (5128 bytes) @ 0x0000000002f83bdc [0x0000000002f6c160+0x17a7c]
j  com.se.test.Main.lambda$1(Ljava/lang/Thread;Ljava/awt/Graphics;)V+2
j  com.se.test.Main$$Lambda$2.accept(Ljava/lang/Object;Ljava/lang/Object;)V+8
j  com.se.simse.SIMMain.lambda$1()V+54
j  com.se.simse.SIMMain$$Lambda$17.run()V+4
j  java.lang.Thread.run()V+11
v  ~StubRoutines::call_stub

---------------  P R O C E S S  ---------------

Java Threads: ( => current thread )
  0x000000000124d800 JavaThread "DestroyJavaVM" [_thread_blocked, id=2720, stack(0x0000000002a10000,0x0000000002b10000)]
=>0x000000001d5ef000 JavaThread "Testrender" [_thread_in_native, id=5232, stack(0x000000002e210000,0x000000002e310000)]
  0x000000001d475800 JavaThread "Testupdate" [_thread_in_Java, id=16060, stack(0x000000002e110000,0x000000002e210000)]
  0x000000001d075800 JavaThread "D3D Screen Updater" daemon [_thread_blocked, id=10628, stack(0x0000000022e50000,0x0000000022f50000)]
  0x000000001d061800 JavaThread "AWT-EventQueue-0" [_thread_blocked, id=2684, stack(0x0000000022c40000,0x0000000022d40000)]
  0x000000001cfcd000 JavaThread "AWT-Windows" daemon [_thread_in_native, id=11284, stack(0x000000001dae0000,0x000000001dbe0000)]
  0x000000001cfca800 JavaThread "AWT-Shutdown" [_thread_blocked, id=15708, stack(0x000000001d9e0000,0x000000001dae0000)]
  0x000000001cfc9800 JavaThread "Java2D Disposer" daemon [_thread_blocked, id=20564, stack(0x000000001d8e0000,0x000000001d9e0000)]
  0x000000001c3f8000 JavaThread "Service Thread" daemon [_thread_blocked, id=15712, stack(0x000000001cd30000,0x000000001ce30000)]
  0x000000001c389800 JavaThread "C1 CompilerThread3" daemon [_thread_blocked, id=3352, stack(0x000000001cc30000,0x000000001cd30000)]
  0x000000001c365000 JavaThread "C2 CompilerThread2" daemon [_thread_blocked, id=15312, stack(0x000000001cb30000,0x000000001cc30000)]
  0x000000001c35f000 JavaThread "C2 CompilerThread1" daemon [_thread_in_native, id=21416, stack(0x000000001ca30000,0x000000001cb30000)]
  0x000000001c358800 JavaThread "C2 CompilerThread0" daemon [_thread_blocked, id=19156, stack(0x000000001c930000,0x000000001ca30000)]
  0x000000001c356800 JavaThread "Attach Listener" daemon [_thread_blocked, id=18824, stack(0x000000001c830000,0x000000001c930000)]
  0x000000001c355800 JavaThread "Signal Dispatcher" daemon [_thread_blocked, id=20832, stack(0x000000001c730000,0x000000001c830000)]
  0x0000000002c9b800 JavaThread "Finalizer" daemon [_thread_blocked, id=320, stack(0x000000001c140000,0x000000001c240000)]
  0x000000001a25c800 JavaThread "Reference Handler" daemon [_thread_blocked, id=19604, stack(0x000000001c040000,0x000000001c140000)]

Other Threads:
  0x000000001a259000 VMThread [stack: 0x000000001bf40000,0x000000001c040000] [id=16760]
  0x000000001c412000 WatcherThread [stack: 0x000000001ce30000,0x000000001cf30000] [id=15820]

VM state:not at safepoint (normal execution)

VM Mutex/Monitor currently owned by a thread: None

Heap:
 PSYoungGen      total 106496K, used 60311K [0x0000000780000000, 0x0000000787000000, 0x00000007c0000000)
  eden space 98304K, 53% used [0x0000000780000000,0x00000007832ecf20,0x0000000786000000)
  from space 8192K, 99% used [0x0000000786800000,0x0000000786ff8fa8,0x0000000787000000)
  to   space 8192K, 0% used [0x0000000786000000,0x0000000786000000,0x0000000786800000)
 ParOldGen       total 131072K, used 27309K [0x0000000700000000, 0x0000000708000000, 0x0000000780000000)
  object space 131072K, 20% used [0x0000000700000000,0x0000000701aab778,0x0000000708000000)
 Metaspace       used 10591K, capacity 10788K, committed 11136K, reserved 1058816K
  class space    used 1228K, capacity 1292K, committed 1408K, reserved 1048576K

Card table byte_map: [0x0000000012060000,0x0000000012670000] byte_map_base: 0x000000000e860000

Marking Bits: (ParMarkBitMap*) 0x0000000071730600
 Begin Bits: [0x0000000013270000, 0x0000000016270000)
 End Bits:   [0x0000000016270000, 0x0000000019270000)

Polling page: 0x0000000001220000

CodeCache: size=245760Kb used=3741Kb max_used=3741Kb free=242018Kb
 bounds [0x0000000002ca0000, 0x0000000003050000, 0x0000000011ca0000]
 total_blobs=1314 nmethods=796 adapters=432
 compilation: enabled

Compilation events (10 events):
Event: 2.155 Thread 0x000000001c389800  793       3       org.lwjgl.opencl.FastLongMap::put (109 bytes)
Event: 2.156 Thread 0x000000001c389800 nmethod 793 0x0000000003045210 code [0x00000000030453c0, 0x0000000003045a68]
Event: 2.156 Thread 0x000000001c389800  794       3       java.awt.EventDispatchThread$HierarchyEventFilter::acceptEvent (225 bytes)
Event: 2.157 Thread 0x000000001c389800 nmethod 794 0x0000000003045e10 code [0x0000000003046040, 0x00000000030472a8]
Event: 2.157 Thread 0x000000001c389800  796   !   3       java.awt.EventQueue::getNextEvent (84 bytes)
Event: 2.158 Thread 0x000000001c389800 nmethod 796 0x00000000030475d0 code [0x00000000030477e0, 0x00000000030481a8]
Event: 2.158 Thread 0x000000001c389800  795       3       sun.awt.windows.WGlobalCursorManager::getCursorManager (20 bytes)
Event: 2.158 Thread 0x000000001c389800 nmethod 795 0x0000000003048650 code [0x00000000030487e0, 0x0000000003048d10]
Event: 2.183 Thread 0x000000001c389800  797       1       java.nio.DirectFloatBufferU::isDirect (2 bytes)
Event: 2.183 Thread 0x000000001c389800 nmethod 797 0x0000000003048f90 code [0x00000000030490e0, 0x00000000030491f0]

GC Heap History (8 events):
Event: 1.653 GC heap before
{Heap before GC invocations=1 (full 0):
 PSYoungGen      total 57344K, used 49152K [0x0000000780000000, 0x0000000784000000, 0x00000007c0000000)
  eden space 49152K, 100% used [0x0000000780000000,0x0000000783000000,0x0000000783000000)
  from space 8192K, 0% used [0x0000000783800000,0x0000000783800000,0x0000000784000000)
  to   space 8192K, 0% used [0x0000000783000000,0x0000000783000000,0x0000000783800000)
 ParOldGen       total 131072K, used 0K [0x0000000700000000, 0x0000000708000000, 0x0000000780000000)
  object space 131072K, 0% used [0x0000000700000000,0x0000000700000000,0x0000000708000000)
 Metaspace       used 10508K, capacity 10656K, committed 10880K, reserved 1058816K
  class space    used 1228K, capacity 1292K, committed 1408K, reserved 1048576K
Event: 1.663 GC heap after
Heap after GC invocations=1 (full 0):
 PSYoungGen      total 57344K, used 8179K [0x0000000780000000, 0x0000000784000000, 0x00000007c0000000)
  eden space 49152K, 0% used [0x0000000780000000,0x0000000780000000,0x0000000783000000)
  from space 8192K, 99% used [0x0000000783000000,0x00000007837fcf98,0x0000000783800000)
  to   space 8192K, 0% used [0x0000000783800000,0x0000000783800000,0x0000000784000000)
 ParOldGen       total 131072K, used 7102K [0x0000000700000000, 0x0000000708000000, 0x0000000780000000)
  object space 131072K, 5% used [0x0000000700000000,0x00000007006efb08,0x0000000708000000)
 Metaspace       used 10508K, capacity 10656K, committed 10880K, reserved 1058816K
  class space    used 1228K, capacity 1292K, committed 1408K, reserved 1048576K
}
Event: 1.799 GC heap before
{Heap before GC invocations=2 (full 0):
 PSYoungGen      total 57344K, used 57331K [0x0000000780000000, 0x0000000784000000, 0x00000007c0000000)
  eden space 49152K, 100% used [0x0000000780000000,0x0000000783000000,0x0000000783000000)
  from space 8192K, 99% used [0x0000000783000000,0x00000007837fcf98,0x0000000783800000)
  to   space 8192K, 0% used [0x0000000783800000,0x0000000783800000,0x0000000784000000)
 ParOldGen       total 131072K, used 7102K [0x0000000700000000, 0x0000000708000000, 0x0000000780000000)
  object space 131072K, 5% used [0x0000000700000000,0x00000007006efb08,0x0000000708000000)
 Metaspace       used 10510K, capacity 10656K, committed 10880K, reserved 1058816K
  class space    used 1228K, capacity 1292K, committed 1408K, reserved 1048576K
Event: 1.807 GC heap after
Heap after GC invocations=2 (full 0):
 PSYoungGen      total 57344K, used 8163K [0x0000000780000000, 0x0000000787000000, 0x00000007c0000000)
  eden space 49152K, 0% used [0x0000000780000000,0x0000000780000000,0x0000000783000000)
  from space 8192K, 99% used [0x0000000783800000,0x0000000783ff8fa8,0x0000000784000000)
  to   space 8192K, 0% used [0x0000000783000000,0x0000000783000000,0x0000000783800000)
 ParOldGen       total 131072K, used 13798K [0x0000000700000000, 0x0000000708000000, 0x0000000780000000)
  object space 131072K, 10% used [0x0000000700000000,0x0000000700d799d8,0x0000000708000000)
 Metaspace       used 10510K, capacity 10656K, committed 10880K, reserved 1058816K
  class space    used 1228K, capacity 1292K, committed 1408K, reserved 1048576K
}
Event: 1.924 GC heap before
{Heap before GC invocations=3 (full 0):
 PSYoungGen      total 57344K, used 57315K [0x0000000780000000, 0x0000000787000000, 0x00000007c0000000)
  eden space 49152K, 100% used [0x0000000780000000,0x0000000783000000,0x0000000783000000)
  from space 8192K, 99% used [0x0000000783800000,0x0000000783ff8fa8,0x0000000784000000)
  to   space 8192K, 0% used [0x0000000783000000,0x0000000783000000,0x0000000783800000)
 ParOldGen       total 131072K, used 13798K [0x0000000700000000, 0x0000000708000000, 0x0000000780000000)
  object space 131072K, 10% used [0x0000000700000000,0x0000000700d799d8,0x0000000708000000)
 Metaspace       used 10514K, capacity 10656K, committed 10880K, reserved 1058816K
  class space    used 1228K, capacity 1292K, committed 1408K, reserved 1048576K
Event: 1.930 GC heap after
Heap after GC invocations=3 (full 0):
 PSYoungGen      total 57344K, used 8179K [0x0000000780000000, 0x0000000787000000, 0x00000007c0000000)
  eden space 49152K, 0% used [0x0000000780000000,0x0000000780000000,0x0000000783000000)
  from space 8192K, 99% used [0x0000000783000000,0x00000007837fcfb8,0x0000000783800000)
  to   space 8192K, 0% used [0x0000000786800000,0x0000000786800000,0x0000000787000000)
 ParOldGen       total 131072K, used 20470K [0x0000000700000000, 0x0000000708000000, 0x0000000780000000)
  object space 131072K, 15% used [0x0000000700000000,0x00000007013fd8a8,0x0000000708000000)
 Metaspace       used 10514K, capacity 10656K, committed 10880K, reserved 1058816K
  class space    used 1228K, capacity 1292K, committed 1408K, reserved 1048576K
}
Event: 2.048 GC heap before
{Heap before GC invocations=4 (full 0):
 PSYoungGen      total 57344K, used 57331K [0x0000000780000000, 0x0000000787000000, 0x00000007c0000000)
  eden space 49152K, 100% used [0x0000000780000000,0x0000000783000000,0x0000000783000000)
  from space 8192K, 99% used [0x0000000783000000,0x00000007837fcfb8,0x0000000783800000)
  to   space 8192K, 0% used [0x0000000786800000,0x0000000786800000,0x0000000787000000)
 ParOldGen       total 131072K, used 20470K [0x0000000700000000, 0x0000000708000000, 0x0000000780000000)
  object space 131072K, 15% used [0x0000000700000000,0x00000007013fd8a8,0x0000000708000000)
 Metaspace       used 10536K, capacity 10724K, committed 10880K, reserved 1058816K
  class space    used 1228K, capacity 1292K, committed 1408K, reserved 1048576K
Event: 2.056 GC heap after
Heap after GC invocations=4 (full 0):
 PSYoungGen      total 106496K, used 8163K [0x0000000780000000, 0x0000000787000000, 0x00000007c0000000)
  eden space 98304K, 0% used [0x0000000780000000,0x0000000780000000,0x0000000786000000)
  from space 8192K, 99% used [0x0000000786800000,0x0000000786ff8fa8,0x0000000787000000)
  to   space 8192K, 0% used [0x0000000786000000,0x0000000786000000,0x0000000786800000)
 ParOldGen       total 131072K, used 27309K [0x0000000700000000, 0x0000000708000000, 0x0000000780000000)
  object space 131072K, 20% used [0x0000000700000000,0x0000000701aab778,0x0000000708000000)
 Metaspace       used 10536K, capacity 10724K, committed 10880K, reserved 1058816K
  class space    used 1228K, capacity 1292K, committed 1408K, reserved 1048576K
}

Deoptimization events (7 events):
Event: 1.432 Thread 0x000000000124d800 Uncommon trap: reason=predicate action=maybe_recompile pc=0x0000000002ee1190 method=java.util.AbstractCollection.toArray([Ljava/lang/Object;)[Ljava/lang/Object; @ 49
Event: 1.437 Thread 0x000000000124d800 Uncommon trap: reason=unstable_if action=reinterpret pc=0x0000000002ee3934 method=sun.misc.FloatingDecimal.readJavaFormatString(Ljava/lang/String;)Lsun/misc/FloatingDecimal$ASCIIToBinaryConverter; @ 445
Event: 1.445 Thread 0x000000000124d800 Uncommon trap: reason=array_check action=maybe_recompile pc=0x0000000002ed3258 method=java.util.AbstractCollection.toArray([Ljava/lang/Object;)[Ljava/lang/Object; @ 119
Event: 1.445 Thread 0x000000000124d800 Uncommon trap: reason=array_check action=maybe_recompile pc=0x0000000002ed3258 method=java.util.AbstractCollection.toArray([Ljava/lang/Object;)[Ljava/lang/Object; @ 119
Event: 1.445 Thread 0x000000000124d800 Uncommon trap: reason=array_check action=maybe_recompile pc=0x0000000002ed3258 method=java.util.AbstractCollection.toArray([Ljava/lang/Object;)[Ljava/lang/Object; @ 119
Event: 1.445 Thread 0x000000000124d800 Uncommon trap: reason=array_check action=maybe_recompile pc=0x0000000002ed3258 method=java.util.AbstractCollection.toArray([Ljava/lang/Object;)[Ljava/lang/Object; @ 119
Event: 1.478 Thread 0x000000001d061800 Uncommon trap: reason=class_check action=maybe_recompile pc=0x0000000002edd2a4 method=java.util.Arrays.copyOf([Ljava/lang/Object;ILjava/lang/Class;)[Ljava/lang/Object; @ 24

Internal exceptions (10 events):
Event: 0.210 Thread 0x000000000124d800 Exception <a 'java/io/FileNotFoundException'> (0x000000078041f1a0) thrown at [D:\re\puppet\workspace\8-2-build-windows-amd64-cygwin\jdk8u73\6086\hotspot\src\share\vm\prims\jni.cpp, line 709]
Event: 0.235 Thread 0x000000000124d800 Exception <a 'java/io/FileNotFoundException'> (0x0000000780440b90) thrown at [D:\re\puppet\workspace\8-2-build-windows-amd64-cygwin\jdk8u73\6086\hotspot\src\share\vm\prims\jni.cpp, line 709]
Event: 1.090 Thread 0x000000000124d800 Exception <a 'java/security/PrivilegedActionException'> (0x0000000780670e90) thrown at [D:\re\puppet\workspace\8-2-build-windows-amd64-cygwin\jdk8u73\6086\hotspot\src\share\vm\prims\jvm.cpp, line 1386]
Event: 1.091 Thread 0x000000000124d800 Exception <a 'java/security/PrivilegedActionException'> (0x0000000780672a40) thrown at [D:\re\puppet\workspace\8-2-build-windows-amd64-cygwin\jdk8u73\6086\hotspot\src\share\vm\prims\jvm.cpp, line 1386]
Event: 1.091 Thread 0x000000000124d800 Exception <a 'java/security/PrivilegedActionException'> (0x0000000780673b60) thrown at [D:\re\puppet\workspace\8-2-build-windows-amd64-cygwin\jdk8u73\6086\hotspot\src\share\vm\prims\jvm.cpp, line 1386]
Event: 1.091 Thread 0x000000000124d800 Exception <a 'java/security/PrivilegedActionException'> (0x0000000780678e40) thrown at [D:\re\puppet\workspace\8-2-build-windows-amd64-cygwin\jdk8u73\6086\hotspot\src\share\vm\prims\jvm.cpp, line 1386]
Event: 1.091 Thread 0x000000000124d800 Exception <a 'java/security/PrivilegedActionException'> (0x0000000780679a98) thrown at [D:\re\puppet\workspace\8-2-build-windows-amd64-cygwin\jdk8u73\6086\hotspot\src\share\vm\prims\jvm.cpp, line 1386]
Event: 1.091 Thread 0x000000000124d800 Exception <a 'java/security/PrivilegedActionException'> (0x000000078067a6c0) thrown at [D:\re\puppet\workspace\8-2-build-windows-amd64-cygwin\jdk8u73\6086\hotspot\src\share\vm\prims\jvm.cpp, line 1386]
Event: 1.092 Thread 0x000000000124d800 Exception <a 'org/lwjgl/LWJGLException'> (0x000000078067baa8) thrown at [D:\re\puppet\workspace\8-2-build-windows-amd64-cygwin\jdk8u73\6086\hotspot\src\share\vm\prims\jni.cpp, line 709]
Event: 1.092 Thread 0x000000000124d800 Exception <a 'org/lwjgl/LWJGLException'> (0x000000078067c138) thrown at [D:\re\puppet\workspace\8-2-build-windows-amd64-cygwin\jdk8u73\6086\hotspot\src\share\vm\prims\jni.cpp, line 709]

Events (10 events):
Event: 2.048 Executing VM operation: ParallelGCFailedAllocation
Event: 2.056 Executing VM operation: ParallelGCFailedAllocation done
Event: 2.068 Thread 0x000000001d5ef000 DEOPT PACKING pc=0x0000000002f8c52b sp=0x000000002e30ee50
Event: 2.068 Thread 0x000000001d5ef000 DEOPT UNPACKING pc=0x0000000002ce747f sp=0x000000002e30f170 mode 0
Event: 2.098 Thread 0x000000001d5ef000 DEOPT PACKING pc=0x0000000002f8c52b sp=0x000000002e30ee50
Event: 2.098 Thread 0x000000001d5ef000 DEOPT UNPACKING pc=0x0000000002ce747f sp=0x000000002e30f170 mode 0
Event: 2.128 Thread 0x000000001d5ef000 DEOPT PACKING pc=0x0000000002f8c52b sp=0x000000002e30ee50
Event: 2.128 Thread 0x000000001d5ef000 DEOPT UNPACKING pc=0x0000000002ce747f sp=0x000000002e30f170 mode 0
Event: 2.156 Thread 0x000000001d5ef000 DEOPT PACKING pc=0x0000000002f8c52b sp=0x000000002e30ee50
Event: 2.156 Thread 0x000000001d5ef000 DEOPT UNPACKING pc=0x0000000002ce747f sp=0x000000002e30f170 mode 0


Dynamic libraries:
0x00007ff6c19a0000 - 0x00007ff6c19d7000 	F:\Program Files\Java\jdk1.8.0_73\bin\javaw.exe
0x00007ffe9f890000 - 0x00007ffe9fa61000 	C:\WINDOWS\SYSTEM32\ntdll.dll
0x00007ffe9dd80000 - 0x00007ffe9de2b000 	C:\WINDOWS\System32\KERNEL32.DLL
0x00007ffe9c660000 - 0x00007ffe9c87d000 	C:\WINDOWS\System32\KERNELBASE.dll
0x00007ffe9de30000 - 0x00007ffe9ded2000 	C:\WINDOWS\System32\ADVAPI32.dll
0x00007ffe9ce20000 - 0x00007ffe9cebe000 	C:\WINDOWS\System32\msvcrt.dll
0x00007ffe9f830000 - 0x00007ffe9f889000 	C:\WINDOWS\System32\sechost.dll
0x00007ffe9d5d0000 - 0x00007ffe9d6f1000 	C:\WINDOWS\System32\RPCRT4.dll
0x00007ffe9d460000 - 0x00007ffe9d5c5000 	C:\WINDOWS\System32\USER32.dll
0x00007ffe9c9d0000 - 0x00007ffe9c9ee000 	C:\WINDOWS\System32\win32u.dll
0x00007ffe9d7a0000 - 0x00007ffe9d7d4000 	C:\WINDOWS\System32\GDI32.dll
0x00007ffe9cc90000 - 0x00007ffe9ce12000 	C:\WINDOWS\System32\gdi32full.dll
0x00007ffe8e3e0000 - 0x00007ffe8e659000 	C:\WINDOWS\WinSxS\amd64_microsoft.windows.common-controls_6595b64144ccf1df_6.0.14393.0_none_2d0f50fcbdb171b8\COMCTL32.dll
0x00007ffe9f460000 - 0x00007ffe9f727000 	C:\WINDOWS\System32\combase.dll
0x00007ffe9c8d0000 - 0x00007ffe9c9c5000 	C:\WINDOWS\System32\ucrtbase.dll
0x00007ffe9cc20000 - 0x00007ffe9cc8a000 	C:\WINDOWS\System32\bcryptPrimitives.dll
0x00007ffe9f730000 - 0x00007ffe9f75e000 	C:\WINDOWS\System32\IMM32.DLL
0x0000000072230000 - 0x0000000072302000 	F:\Program Files\Java\jdk1.8.0_73\jre\bin\msvcr100.dll
0x0000000070f20000 - 0x00000000717b0000 	F:\Program Files\Java\jdk1.8.0_73\jre\bin\server\jvm.dll
0x00007ffe9cee0000 - 0x00007ffe9cee8000 	C:\WINDOWS\System32\PSAPI.DLL
0x00007ffe99e20000 - 0x00007ffe99e43000 	C:\WINDOWS\SYSTEM32\WINMM.dll
0x00007ffe968f0000 - 0x00007ffe968fa000 	C:\WINDOWS\SYSTEM32\VERSION.dll
0x00007ffe98980000 - 0x00007ffe98989000 	C:\WINDOWS\SYSTEM32\WSOCK32.dll
0x00007ffe9dee0000 - 0x00007ffe9df4a000 	C:\WINDOWS\System32\WS2_32.dll
0x00007ffe99ce0000 - 0x00007ffe99d0b000 	C:\WINDOWS\SYSTEM32\WINMMBASE.dll
0x00007ffe9c880000 - 0x00007ffe9c8c2000 	C:\WINDOWS\System32\cfgmgr32.dll
0x00000000723d0000 - 0x00000000723df000 	F:\Program Files\Java\jdk1.8.0_73\jre\bin\verify.dll
0x00000000723a0000 - 0x00000000723c9000 	F:\Program Files\Java\jdk1.8.0_73\jre\bin\java.dll
0x0000000072380000 - 0x0000000072396000 	F:\Program Files\Java\jdk1.8.0_73\jre\bin\zip.dll
0x00007ffe9df50000 - 0x00007ffe9f458000 	C:\WINDOWS\System32\SHELL32.dll
0x00007ffe9be20000 - 0x00007ffe9c4fa000 	C:\WINDOWS\System32\windows.storage.dll
0x00007ffe9bdc0000 - 0x00007ffe9be0c000 	C:\WINDOWS\System32\powrprof.dll
0x00007ffe9f760000 - 0x00007ffe9f7b2000 	C:\WINDOWS\System32\shlwapi.dll
0x00007ffe9bdb0000 - 0x00007ffe9bdbf000 	C:\WINDOWS\System32\kernel.appcore.dll
0x00007ffe9c5b0000 - 0x00007ffe9c659000 	C:\WINDOWS\System32\shcore.dll
0x00007ffe9bd90000 - 0x00007ffe9bda4000 	C:\WINDOWS\System32\profapi.dll
0x0000000072090000 - 0x0000000072228000 	F:\Program Files\Java\jdk1.8.0_73\jre\bin\awt.dll
0x00007ffe9d3a0000 - 0x00007ffe9d45c000 	C:\WINDOWS\System32\OLEAUT32.dll
0x00007ffe9a0a0000 - 0x00007ffe9a11a000 	C:\WINDOWS\SYSTEM32\apphelp.dll
0x00007ffe98d30000 - 0x00007ffe98d56000 	C:\WINDOWS\system32\DWMAPI.DLL
0x00007ffe9a420000 - 0x00007ffe9a4b5000 	C:\WINDOWS\system32\uxtheme.dll
0x00007ffe9d100000 - 0x00007ffe9d25b000 	C:\WINDOWS\System32\MSCTF.dll
0x00007ffe9d260000 - 0x00007ffe9d397000 	C:\WINDOWS\System32\ole32.dll
0x00007ffe832f0000 - 0x00007ffe8347d000 	C:\WINDOWS\system32\d3d9.dll
0x00007ffe65b50000 - 0x00007ffe66c0d000 	C:\WINDOWS\System32\DriverStore\FileRepository\nvddui.inf_amd64_ca5bbb3cd45508c6\nvd3dumx.dll
0x00007ffe90850000 - 0x00007ffe90a1c000 	C:\WINDOWS\system32\nvspcap64.dll
0x00007ffe9d7e0000 - 0x00007ffe9dc09000 	C:\WINDOWS\System32\SETUPAPI.dll
0x00007ffe98000000 - 0x00007ffe980cc000 	C:\WINDOWS\SYSTEM32\WINHTTP.dll
0x00007ffe98ce0000 - 0x00007ffe98cf3000 	C:\WINDOWS\SYSTEM32\WTSAPI32.dll
0x00007ffe93100000 - 0x00007ffe934fc000 	C:\WINDOWS\system32\nvapi64.dll
0x00007ffe9ad20000 - 0x00007ffe9adbf000 	C:\WINDOWS\SYSTEM32\dxgi.dll
0x00007ffe944d0000 - 0x00007ffe945b6000 	C:\Program Files (x86)\NVIDIA Corporation\3D Vision\nvSCPAPI64.dll
0x0000000072040000 - 0x0000000072087000 	F:\Program Files\Java\jdk1.8.0_73\jre\bin\fontmanager.dll
0x0000000180000000 - 0x0000000180053000 	C:\Users\marce\git\SIMse3D\LWJGL\lwjgl-2.9.3\native\windows\lwjgl64.dll
0x00007ffe813a0000 - 0x00007ffe814c3000 	C:\WINDOWS\SYSTEM32\OPENGL32.dll
0x00007ffe812a0000 - 0x00007ffe81397000 	C:\WINDOWS\SYSTEM32\DDRAW.dll
0x00007ffe8d4b0000 - 0x00007ffe8d4dd000 	C:\WINDOWS\SYSTEM32\GLU32.dll
0x00007ffe99ec0000 - 0x00007ffe99ec8000 	C:\WINDOWS\SYSTEM32\DCIMAN32.dll
0x00007ffe8d230000 - 0x00007ffe8d267000 	C:\WINDOWS\SYSTEM32\OpenCL.dll
0x00007ffe6d8d0000 - 0x00007ffe6e327000 	C:\WINDOWS\System32\nvopencl.dll
0x00007ffe8c140000 - 0x00007ffe8c1ec000 	C:\WINDOWS\SYSTEM32\nvfatbinaryLoader.dll
0x00007ffe9a9a0000 - 0x00007ffe9a9c8000 	C:\WINDOWS\SYSTEM32\DEVOBJ.dll
0x00007ffe9cbc0000 - 0x00007ffe9cc15000 	C:\WINDOWS\System32\WINTRUST.dll
0x00007ffe9be10000 - 0x00007ffe9be20000 	C:\WINDOWS\System32\MSASN1.dll
0x00007ffe9c9f0000 - 0x00007ffe9cbb8000 	C:\WINDOWS\System32\CRYPT32.dll
0x00007ffe60470000 - 0x00007ffe62aba000 	C:\WINDOWS\system32\nvcompiler.dll
0x00007ffe88dd0000 - 0x00007ffe88f62000 	C:\WINDOWS\SYSTEM32\dbghelp.dll
0x0000000072360000 - 0x000000007237a000 	F:\Program Files\Java\jdk1.8.0_73\jre\bin\net.dll
0x00007ffe9b6c0000 - 0x00007ffe9b71c000 	C:\WINDOWS\system32\mswsock.dll
0x0000000072340000 - 0x0000000072351000 	F:\Program Files\Java\jdk1.8.0_73\jre\bin\nio.dll
0x0000000071ff0000 - 0x0000000072032000 	F:\Program Files\Java\jdk1.8.0_73\jre\bin\t2k.dll

VM Arguments:
jvm_args: -Djava.library.path=C:\Users\marce\git\SIMse3D\LWJGL\lwjgl-2.9.3\native\windows -Dfile.encoding=Cp1252 
java_command: com.se.test.Main
java_class_path (initial): C:\Users\marce\git\SIMse3D\SIMse3D\bin;C:\Users\marce\git\SIMse3D\LWJGL\lwjgl-2.9.3\jar\AppleJavaExtensions.jar;C:\Users\marce\git\SIMse3D\LWJGL\lwjgl-2.9.3\jar\asm-debug-all.jar;C:\Users\marce\git\SIMse3D\LWJGL\lwjgl-2.9.3\jar\jinput.jar;C:\Users\marce\git\SIMse3D\LWJGL\lwjgl-2.9.3\jar\laf-plugin-7.2.1.jar;C:\Users\marce\git\SIMse3D\LWJGL\lwjgl-2.9.3\jar\laf-widget-7.2.1.jar;C:\Users\marce\git\SIMse3D\LWJGL\lwjgl-2.9.3\jar\log4j-api-2.0-beta9.jar;C:\Users\marce\git\SIMse3D\LWJGL\lwjgl-2.9.3\jar\lwjgl.jar;C:\Users\marce\git\SIMse3D\LWJGL\lwjgl-2.9.3\jar\lwjgl_test.jar;C:\Users\marce\git\SIMse3D\LWJGL\lwjgl-2.9.3\jar\lwjgl_util.jar;C:\Users\marce\git\SIMse3D\LWJGL\lwjgl-2.9.3\jar\lwjgl_util_applet.jar;C:\Users\marce\git\SIMse3D\LWJGL\lwjgl-2.9.3\jar\lwjgl-debug.jar;C:\Users\marce\git\SIMse3D\LWJGL\lwjgl-2.9.3\jar\lzma.jar;C:\Users\marce\git\SIMse3D\LWJGL\lwjgl-2.9.3\jar\substance-7.2.1.jar;C:\Users\marce\git\SIMse3D\LWJGL\lwjgl-2.9.3\jar\trident-7.2.1.jar
Launcher Type: SUN_STANDARD

Environment Variables:
PATH=F:/Program Files/Java/jdk1.8.0_73/bin/../jre/bin/server;F:/Program Files/Java/jdk1.8.0_73/bin/../jre/bin;F:/Program Files/Java/jdk1.8.0_73/bin/../jre/lib/amd64;C:\Program Files\NVIDIA GPU Computing Toolkit\CUDA\v8.0\bin;C:\Program Files\NVIDIA GPU Computing Toolkit\CUDA\v8.0\libnvvp;C:\ProgramData\Oracle\Java\javapath;C:\Program Files (x86)\ActiveState Komodo Edit 10\;C:\WINDOWS\system32;C:\WINDOWS;C:\WINDOWS\System32\Wbem;C:\WINDOWS\System32\WindowsPowerShell\v1.0\;C:\Program Files (x86)\NVIDIA Corporation\PhysX\Common;C:\Program Files (x86)\GtkSharp\2.12\bin;C:\Program Files (x86)\Windows Kits\8.1\Windows Performance Toolkit\;C:\Program Files (x86)\Windows Kits\10\Windows Performance Toolkit\;C:\Users\marce\.dnx\bin;C:\Program Files\Microsoft DNX\Dnvm\;C:\Program Files\nodejs\;C:\Program Files\Microsoft SQL Server\110\Tools\Binn\;C:\Program Files (x86)\Microsoft SDKs\TypeScript\1.0\;C:\Program Files\Microsoft SQL Server\120\Tools\Binn\;C:\Program Files\MiKTeX 2.9\miktex\bin\x64\;C:\Program Files\OpenVPN\bin;C:\Program Files\Git\cmd;C:\Users\marce\AppData\Local\Microsoft\WindowsApps;C:\Users\marce\AppData\Roaming\npm;F:\Users\Simader\Videos\BOT\ffmpeg\bin;C:\Users\marce\AppData\Local\Google\Cloud SDK\google-cloud-sdk\bin;C:\Program Files (x86)\Google\google_appengine\;C:\Python35;C:\Program Files\NVIDIA GPU Computing Toolkit\CUDA\v8.0\bin\cudnn64_5.dll;C:\Users\marce\eclipse\java-neon\eclipse;
USERNAME=marce
OS=Windows_NT
PROCESSOR_IDENTIFIER=AMD64 Family 21 Model 2 Stepping 0, AuthenticAMD



---------------  S Y S T E M  ---------------

OS: Windows 10.0 , 64 bit Build 14393 (10.0.14393.0)

CPU:total 8 (8 cores per cpu, 1 threads per core) family 21 model 2 stepping 0, cmov, cx8, fxsr, mmx, sse, sse2, sse3, ssse3, sse4.1, sse4.2, popcnt, avx, aes, clmul, mmxext, 3dnowpref, lzcnt, sse4a, tsc, tscinvbit, tscinv, bmi1

Memory: 4k page, physical 12575416k(6112056k free), swap 25682616k(15387928k free)

vm_info: Java HotSpot(TM) 64-Bit Server VM (25.73-b02) for windows-amd64 JRE (1.8.0_73-b02), built on Jan 29 2016 17:38:49 by "java_re" with MS VC++ 10.0 (VS2010)

time: Sun Oct 01 15:19:48 2017
elapsed time: 2 seconds (0d 0h 0m 2s)

